Start testing: Feb 20 19:28 CET
----------------------------------------------------------
1/50 Testing: EmptyTree.InsertNode
1/50 Test: EmptyTree.InsertNode
Command: "/home/helheim/FIT/FIT-IVS2023/black_box_test" "--gtest_filter=EmptyTree.InsertNode" "--gtest_also_run_disabled_tests"
Directory: /home/helheim/FIT/FIT-IVS2023
"EmptyTree.InsertNode" start time: Feb 20 19:28 CET
Output:
----------------------------------------------------------
Running main() from /home/helheim/FIT/FIT-IVS2023/_deps/googletest-src/googletest/src/gtest_main.cc
Note: Google Test filter = EmptyTree.InsertNode
[==========] Running 1 test from 1 test suite.
[----------] Global test environment set-up.
[----------] 1 test from EmptyTree
[ RUN      ] EmptyTree.InsertNode
[       OK ] EmptyTree.InsertNode (0 ms)
[----------] 1 test from EmptyTree (0 ms total)

[----------] Global test environment tear-down
[==========] 1 test from 1 test suite ran. (0 ms total)
[  PASSED  ] 1 test.
<end of output>
Test time =   0.01 sec
----------------------------------------------------------
Test Passed.
"EmptyTree.InsertNode" end time: Feb 20 19:28 CET
"EmptyTree.InsertNode" time elapsed: 00:00:00
----------------------------------------------------------

2/50 Testing: EmptyTree.DeleteNode
2/50 Test: EmptyTree.DeleteNode
Command: "/home/helheim/FIT/FIT-IVS2023/black_box_test" "--gtest_filter=EmptyTree.DeleteNode" "--gtest_also_run_disabled_tests"
Directory: /home/helheim/FIT/FIT-IVS2023
"EmptyTree.DeleteNode" start time: Feb 20 19:28 CET
Output:
----------------------------------------------------------
Running main() from /home/helheim/FIT/FIT-IVS2023/_deps/googletest-src/googletest/src/gtest_main.cc
Note: Google Test filter = EmptyTree.DeleteNode
[==========] Running 1 test from 1 test suite.
[----------] Global test environment set-up.
[----------] 1 test from EmptyTree
[ RUN      ] EmptyTree.DeleteNode
[       OK ] EmptyTree.DeleteNode (0 ms)
[----------] 1 test from EmptyTree (0 ms total)

[----------] Global test environment tear-down
[==========] 1 test from 1 test suite ran. (0 ms total)
[  PASSED  ] 1 test.
<end of output>
Test time =   0.00 sec
----------------------------------------------------------
Test Passed.
"EmptyTree.DeleteNode" end time: Feb 20 19:28 CET
"EmptyTree.DeleteNode" time elapsed: 00:00:00
----------------------------------------------------------

3/50 Testing: EmptyTree.FindNode
3/50 Test: EmptyTree.FindNode
Command: "/home/helheim/FIT/FIT-IVS2023/black_box_test" "--gtest_filter=EmptyTree.FindNode" "--gtest_also_run_disabled_tests"
Directory: /home/helheim/FIT/FIT-IVS2023
"EmptyTree.FindNode" start time: Feb 20 19:28 CET
Output:
----------------------------------------------------------
Running main() from /home/helheim/FIT/FIT-IVS2023/_deps/googletest-src/googletest/src/gtest_main.cc
Note: Google Test filter = EmptyTree.FindNode
[==========] Running 1 test from 1 test suite.
[----------] Global test environment set-up.
[----------] 1 test from EmptyTree
[ RUN      ] EmptyTree.FindNode
[       OK ] EmptyTree.FindNode (0 ms)
[----------] 1 test from EmptyTree (0 ms total)

[----------] Global test environment tear-down
[==========] 1 test from 1 test suite ran. (0 ms total)
[  PASSED  ] 1 test.
<end of output>
Test time =   0.00 sec
----------------------------------------------------------
Test Passed.
"EmptyTree.FindNode" end time: Feb 20 19:28 CET
"EmptyTree.FindNode" time elapsed: 00:00:00
----------------------------------------------------------

4/50 Testing: NonEmptyTree.InsertNode
4/50 Test: NonEmptyTree.InsertNode
Command: "/home/helheim/FIT/FIT-IVS2023/black_box_test" "--gtest_filter=NonEmptyTree.InsertNode" "--gtest_also_run_disabled_tests"
Directory: /home/helheim/FIT/FIT-IVS2023
"NonEmptyTree.InsertNode" start time: Feb 20 19:28 CET
Output:
----------------------------------------------------------
Running main() from /home/helheim/FIT/FIT-IVS2023/_deps/googletest-src/googletest/src/gtest_main.cc
Note: Google Test filter = NonEmptyTree.InsertNode
[==========] Running 1 test from 1 test suite.
[----------] Global test environment set-up.
[----------] 1 test from NonEmptyTree
[ RUN      ] NonEmptyTree.InsertNode
[       OK ] NonEmptyTree.InsertNode (0 ms)
[----------] 1 test from NonEmptyTree (0 ms total)

[----------] Global test environment tear-down
[==========] 1 test from 1 test suite ran. (0 ms total)
[  PASSED  ] 1 test.
<end of output>
Test time =   0.01 sec
----------------------------------------------------------
Test Passed.
"NonEmptyTree.InsertNode" end time: Feb 20 19:28 CET
"NonEmptyTree.InsertNode" time elapsed: 00:00:00
----------------------------------------------------------

5/50 Testing: NonEmptyTree.DeleteNode
5/50 Test: NonEmptyTree.DeleteNode
Command: "/home/helheim/FIT/FIT-IVS2023/black_box_test" "--gtest_filter=NonEmptyTree.DeleteNode" "--gtest_also_run_disabled_tests"
Directory: /home/helheim/FIT/FIT-IVS2023
"NonEmptyTree.DeleteNode" start time: Feb 20 19:28 CET
Output:
----------------------------------------------------------
Running main() from /home/helheim/FIT/FIT-IVS2023/_deps/googletest-src/googletest/src/gtest_main.cc
Note: Google Test filter = NonEmptyTree.DeleteNode
[==========] Running 1 test from 1 test suite.
[----------] Global test environment set-up.
[----------] 1 test from NonEmptyTree
[ RUN      ] NonEmptyTree.DeleteNode
[       OK ] NonEmptyTree.DeleteNode (0 ms)
[----------] 1 test from NonEmptyTree (0 ms total)

[----------] Global test environment tear-down
[==========] 1 test from 1 test suite ran. (0 ms total)
[  PASSED  ] 1 test.
<end of output>
Test time =   0.00 sec
----------------------------------------------------------
Test Passed.
"NonEmptyTree.DeleteNode" end time: Feb 20 19:28 CET
"NonEmptyTree.DeleteNode" time elapsed: 00:00:00
----------------------------------------------------------

6/50 Testing: NonEmptyTree.FindNode
6/50 Test: NonEmptyTree.FindNode
Command: "/home/helheim/FIT/FIT-IVS2023/black_box_test" "--gtest_filter=NonEmptyTree.FindNode" "--gtest_also_run_disabled_tests"
Directory: /home/helheim/FIT/FIT-IVS2023
"NonEmptyTree.FindNode" start time: Feb 20 19:28 CET
Output:
----------------------------------------------------------
Running main() from /home/helheim/FIT/FIT-IVS2023/_deps/googletest-src/googletest/src/gtest_main.cc
Note: Google Test filter = NonEmptyTree.FindNode
[==========] Running 1 test from 1 test suite.
[----------] Global test environment set-up.
[----------] 1 test from NonEmptyTree
[ RUN      ] NonEmptyTree.FindNode
[       OK ] NonEmptyTree.FindNode (0 ms)
[----------] 1 test from NonEmptyTree (0 ms total)

[----------] Global test environment tear-down
[==========] 1 test from 1 test suite ran. (0 ms total)
[  PASSED  ] 1 test.
<end of output>
Test time =   0.00 sec
----------------------------------------------------------
Test Passed.
"NonEmptyTree.FindNode" end time: Feb 20 19:28 CET
"NonEmptyTree.FindNode" time elapsed: 00:00:00
----------------------------------------------------------

7/50 Testing: TreeAxioms.Axiom1
7/50 Test: TreeAxioms.Axiom1
Command: "/home/helheim/FIT/FIT-IVS2023/black_box_test" "--gtest_filter=TreeAxioms.Axiom1" "--gtest_also_run_disabled_tests"
Directory: /home/helheim/FIT/FIT-IVS2023
"TreeAxioms.Axiom1" start time: Feb 20 19:28 CET
Output:
----------------------------------------------------------
Running main() from /home/helheim/FIT/FIT-IVS2023/_deps/googletest-src/googletest/src/gtest_main.cc
Note: Google Test filter = TreeAxioms.Axiom1
[==========] Running 1 test from 1 test suite.
[----------] Global test environment set-up.
[----------] 1 test from TreeAxioms
[ RUN      ] TreeAxioms.Axiom1
[       OK ] TreeAxioms.Axiom1 (0 ms)
[----------] 1 test from TreeAxioms (0 ms total)

[----------] Global test environment tear-down
[==========] 1 test from 1 test suite ran. (0 ms total)
[  PASSED  ] 1 test.
<end of output>
Test time =   0.00 sec
----------------------------------------------------------
Test Passed.
"TreeAxioms.Axiom1" end time: Feb 20 19:28 CET
"TreeAxioms.Axiom1" time elapsed: 00:00:00
----------------------------------------------------------

8/50 Testing: TreeAxioms.Axiom2
8/50 Test: TreeAxioms.Axiom2
Command: "/home/helheim/FIT/FIT-IVS2023/black_box_test" "--gtest_filter=TreeAxioms.Axiom2" "--gtest_also_run_disabled_tests"
Directory: /home/helheim/FIT/FIT-IVS2023
"TreeAxioms.Axiom2" start time: Feb 20 19:28 CET
Output:
----------------------------------------------------------
Running main() from /home/helheim/FIT/FIT-IVS2023/_deps/googletest-src/googletest/src/gtest_main.cc
Note: Google Test filter = TreeAxioms.Axiom2
[==========] Running 1 test from 1 test suite.
[----------] Global test environment set-up.
[----------] 1 test from TreeAxioms
[ RUN      ] TreeAxioms.Axiom2
[       OK ] TreeAxioms.Axiom2 (0 ms)
[----------] 1 test from TreeAxioms (0 ms total)

[----------] Global test environment tear-down
[==========] 1 test from 1 test suite ran. (0 ms total)
[  PASSED  ] 1 test.
<end of output>
Test time =   0.00 sec
----------------------------------------------------------
Test Passed.
"TreeAxioms.Axiom2" end time: Feb 20 19:28 CET
"TreeAxioms.Axiom2" time elapsed: 00:00:00
----------------------------------------------------------

9/50 Testing: TreeAxioms.Axiom3
9/50 Test: TreeAxioms.Axiom3
Command: "/home/helheim/FIT/FIT-IVS2023/black_box_test" "--gtest_filter=TreeAxioms.Axiom3" "--gtest_also_run_disabled_tests"
Directory: /home/helheim/FIT/FIT-IVS2023
"TreeAxioms.Axiom3" start time: Feb 20 19:28 CET
Output:
----------------------------------------------------------
Running main() from /home/helheim/FIT/FIT-IVS2023/_deps/googletest-src/googletest/src/gtest_main.cc
Note: Google Test filter = TreeAxioms.Axiom3
[==========] Running 1 test from 1 test suite.
[----------] Global test environment set-up.
[----------] 1 test from TreeAxioms
[ RUN      ] TreeAxioms.Axiom3
[       OK ] TreeAxioms.Axiom3 (0 ms)
[----------] 1 test from TreeAxioms (0 ms total)

[----------] Global test environment tear-down
[==========] 1 test from 1 test suite ran. (0 ms total)
[  PASSED  ] 1 test.
<end of output>
Test time =   0.00 sec
----------------------------------------------------------
Test Passed.
"TreeAxioms.Axiom3" end time: Feb 20 19:28 CET
"TreeAxioms.Axiom3" time elapsed: 00:00:00
----------------------------------------------------------

10/50 Testing: HashMap.Ctor
10/50 Test: HashMap.Ctor
Command: "/home/helheim/FIT/FIT-IVS2023/white_box_test" "--gtest_filter=HashMap.Ctor" "--gtest_also_run_disabled_tests"
Directory: /home/helheim/FIT/FIT-IVS2023
"HashMap.Ctor" start time: Feb 20 19:28 CET
Output:
----------------------------------------------------------
Running main() from /home/helheim/FIT/FIT-IVS2023/_deps/googletest-src/googletest/src/gtest_main.cc
Note: Google Test filter = HashMap.Ctor
[==========] Running 1 test from 1 test suite.
[----------] Global test environment set-up.
[----------] 1 test from HashMap
[ RUN      ] HashMap.Ctor
[       OK ] HashMap.Ctor (0 ms)
[----------] 1 test from HashMap (0 ms total)

[----------] Global test environment tear-down
[==========] 1 test from 1 test suite ran. (0 ms total)
[  PASSED  ] 1 test.
<end of output>
Test time =   0.00 sec
----------------------------------------------------------
Test Passed.
"HashMap.Ctor" end time: Feb 20 19:28 CET
"HashMap.Ctor" time elapsed: 00:00:00
----------------------------------------------------------

11/50 Testing: HashMap.Reserved
11/50 Test: HashMap.Reserved
Command: "/home/helheim/FIT/FIT-IVS2023/white_box_test" "--gtest_filter=HashMap.Reserved" "--gtest_also_run_disabled_tests"
Directory: /home/helheim/FIT/FIT-IVS2023
"HashMap.Reserved" start time: Feb 20 19:28 CET
Output:
----------------------------------------------------------
Running main() from /home/helheim/FIT/FIT-IVS2023/_deps/googletest-src/googletest/src/gtest_main.cc
Note: Google Test filter = HashMap.Reserved
[==========] Running 1 test from 1 test suite.
[----------] Global test environment set-up.
[----------] 1 test from HashMap
[ RUN      ] HashMap.Reserved
[       OK ] HashMap.Reserved (0 ms)
[----------] 1 test from HashMap (0 ms total)

[----------] Global test environment tear-down
[==========] 1 test from 1 test suite ran. (0 ms total)
[  PASSED  ] 1 test.
<end of output>
Test time =   0.00 sec
----------------------------------------------------------
Test Passed.
"HashMap.Reserved" end time: Feb 20 19:28 CET
"HashMap.Reserved" time elapsed: 00:00:00
----------------------------------------------------------

12/50 Testing: HashMap.Put
12/50 Test: HashMap.Put
Command: "/home/helheim/FIT/FIT-IVS2023/white_box_test" "--gtest_filter=HashMap.Put" "--gtest_also_run_disabled_tests"
Directory: /home/helheim/FIT/FIT-IVS2023
"HashMap.Put" start time: Feb 20 19:28 CET
Output:
----------------------------------------------------------
Running main() from /home/helheim/FIT/FIT-IVS2023/_deps/googletest-src/googletest/src/gtest_main.cc
Note: Google Test filter = HashMap.Put
[==========] Running 1 test from 1 test suite.
[----------] Global test environment set-up.
[----------] 1 test from HashMap
[ RUN      ] HashMap.Put
[       OK ] HashMap.Put (0 ms)
[----------] 1 test from HashMap (0 ms total)

[----------] Global test environment tear-down
[==========] 1 test from 1 test suite ran. (0 ms total)
[  PASSED  ] 1 test.
<end of output>
Test time =   0.00 sec
----------------------------------------------------------
Test Passed.
"HashMap.Put" end time: Feb 20 19:28 CET
"HashMap.Put" time elapsed: 00:00:00
----------------------------------------------------------

13/50 Testing: HashMap.Size
13/50 Test: HashMap.Size
Command: "/home/helheim/FIT/FIT-IVS2023/white_box_test" "--gtest_filter=HashMap.Size" "--gtest_also_run_disabled_tests"
Directory: /home/helheim/FIT/FIT-IVS2023
"HashMap.Size" start time: Feb 20 19:28 CET
Output:
----------------------------------------------------------
Running main() from /home/helheim/FIT/FIT-IVS2023/_deps/googletest-src/googletest/src/gtest_main.cc
Note: Google Test filter = HashMap.Size
[==========] Running 1 test from 1 test suite.
[----------] Global test environment set-up.
[----------] 1 test from HashMap
[ RUN      ] HashMap.Size
[       OK ] HashMap.Size (0 ms)
[----------] 1 test from HashMap (0 ms total)

[----------] Global test environment tear-down
[==========] 1 test from 1 test suite ran. (0 ms total)
[  PASSED  ] 1 test.
<end of output>
Test time =   0.00 sec
----------------------------------------------------------
Test Passed.
"HashMap.Size" end time: Feb 20 19:28 CET
"HashMap.Size" time elapsed: 00:00:00
----------------------------------------------------------

14/50 Testing: HashMap.Capacity
14/50 Test: HashMap.Capacity
Command: "/home/helheim/FIT/FIT-IVS2023/white_box_test" "--gtest_filter=HashMap.Capacity" "--gtest_also_run_disabled_tests"
Directory: /home/helheim/FIT/FIT-IVS2023
"HashMap.Capacity" start time: Feb 20 19:28 CET
Output:
----------------------------------------------------------
Running main() from /home/helheim/FIT/FIT-IVS2023/_deps/googletest-src/googletest/src/gtest_main.cc
Note: Google Test filter = HashMap.Capacity
[==========] Running 1 test from 1 test suite.
[----------] Global test environment set-up.
[----------] 1 test from HashMap
[ RUN      ] HashMap.Capacity
[       OK ] HashMap.Capacity (0 ms)
[----------] 1 test from HashMap (0 ms total)

[----------] Global test environment tear-down
[==========] 1 test from 1 test suite ran. (0 ms total)
[  PASSED  ] 1 test.
<end of output>
Test time =   0.00 sec
----------------------------------------------------------
Test Passed.
"HashMap.Capacity" end time: Feb 20 19:28 CET
"HashMap.Capacity" time elapsed: 00:00:00
----------------------------------------------------------

15/50 Testing: HashMap.Contains
15/50 Test: HashMap.Contains
Command: "/home/helheim/FIT/FIT-IVS2023/white_box_test" "--gtest_filter=HashMap.Contains" "--gtest_also_run_disabled_tests"
Directory: /home/helheim/FIT/FIT-IVS2023
"HashMap.Contains" start time: Feb 20 19:28 CET
Output:
----------------------------------------------------------
Running main() from /home/helheim/FIT/FIT-IVS2023/_deps/googletest-src/googletest/src/gtest_main.cc
Note: Google Test filter = HashMap.Contains
[==========] Running 1 test from 1 test suite.
[----------] Global test environment set-up.
[----------] 1 test from HashMap
[ RUN      ] HashMap.Contains
[       OK ] HashMap.Contains (0 ms)
[----------] 1 test from HashMap (0 ms total)

[----------] Global test environment tear-down
[==========] 1 test from 1 test suite ran. (0 ms total)
[  PASSED  ] 1 test.
<end of output>
Test time =   0.00 sec
----------------------------------------------------------
Test Passed.
"HashMap.Contains" end time: Feb 20 19:28 CET
"HashMap.Contains" time elapsed: 00:00:00
----------------------------------------------------------

16/50 Testing: HashMap.Get
16/50 Test: HashMap.Get
Command: "/home/helheim/FIT/FIT-IVS2023/white_box_test" "--gtest_filter=HashMap.Get" "--gtest_also_run_disabled_tests"
Directory: /home/helheim/FIT/FIT-IVS2023
"HashMap.Get" start time: Feb 20 19:28 CET
Output:
----------------------------------------------------------
Running main() from /home/helheim/FIT/FIT-IVS2023/_deps/googletest-src/googletest/src/gtest_main.cc
Note: Google Test filter = HashMap.Get
[==========] Running 1 test from 1 test suite.
[----------] Global test environment set-up.
[----------] 1 test from HashMap
[ RUN      ] HashMap.Get
[       OK ] HashMap.Get (0 ms)
[----------] 1 test from HashMap (0 ms total)

[----------] Global test environment tear-down
[==========] 1 test from 1 test suite ran. (0 ms total)
[  PASSED  ] 1 test.
<end of output>
Test time =   0.00 sec
----------------------------------------------------------
Test Passed.
"HashMap.Get" end time: Feb 20 19:28 CET
"HashMap.Get" time elapsed: 00:00:00
----------------------------------------------------------

17/50 Testing: HashMap.Pop
17/50 Test: HashMap.Pop
Command: "/home/helheim/FIT/FIT-IVS2023/white_box_test" "--gtest_filter=HashMap.Pop" "--gtest_also_run_disabled_tests"
Directory: /home/helheim/FIT/FIT-IVS2023
"HashMap.Pop" start time: Feb 20 19:28 CET
Output:
----------------------------------------------------------
Running main() from /home/helheim/FIT/FIT-IVS2023/_deps/googletest-src/googletest/src/gtest_main.cc
Note: Google Test filter = HashMap.Pop
[==========] Running 1 test from 1 test suite.
[----------] Global test environment set-up.
[----------] 1 test from HashMap
[ RUN      ] HashMap.Pop
[       OK ] HashMap.Pop (0 ms)
[----------] 1 test from HashMap (0 ms total)

[----------] Global test environment tear-down
[==========] 1 test from 1 test suite ran. (0 ms total)
[  PASSED  ] 1 test.
<end of output>
Test time =   0.00 sec
----------------------------------------------------------
Test Passed.
"HashMap.Pop" end time: Feb 20 19:28 CET
"HashMap.Pop" time elapsed: 00:00:00
----------------------------------------------------------

18/50 Testing: NonEmptyGraph.nodes
18/50 Test: NonEmptyGraph.nodes
Command: "/home/helheim/FIT/FIT-IVS2023/tdd_test" "--gtest_filter=NonEmptyGraph.nodes" "--gtest_also_run_disabled_tests"
Directory: /home/helheim/FIT/FIT-IVS2023
"NonEmptyGraph.nodes" start time: Feb 20 19:28 CET
Output:
----------------------------------------------------------
Running main() from /home/helheim/FIT/FIT-IVS2023/_deps/googletest-src/googletest/src/gtest_main.cc
Note: Google Test filter = NonEmptyGraph.nodes
[==========] Running 1 test from 1 test suite.
[----------] Global test environment set-up.
[----------] 1 test from NonEmptyGraph
[ RUN      ] NonEmptyGraph.nodes
/home/helheim/FIT/FIT-IVS2023/tdd_tests.cpp:56: Failure
Value of: nodes
Expected: has 5 elements and there exists some permutation of elements such that:
 - element #0 is an object whose given field is equal to 1, and
 - element #1 is an object whose given field is equal to 4, and
 - element #2 is an object whose given field is equal to 5, and
 - element #3 is an object whose given field is equal to 6, and
 - element #4 is an object whose given field is equal to 7
  Actual: {}
[  FAILED  ] NonEmptyGraph.nodes (0 ms)
[----------] 1 test from NonEmptyGraph (0 ms total)

[----------] Global test environment tear-down
[==========] 1 test from 1 test suite ran. (0 ms total)
[  PASSED  ] 0 tests.
[  FAILED  ] 1 test, listed below:
[  FAILED  ] NonEmptyGraph.nodes

 1 FAILED TEST
<end of output>
Test time =   0.00 sec
----------------------------------------------------------
Test Failed.
"NonEmptyGraph.nodes" end time: Feb 20 19:28 CET
"NonEmptyGraph.nodes" time elapsed: 00:00:00
----------------------------------------------------------

19/50 Testing: NonEmptyGraph.edges
19/50 Test: NonEmptyGraph.edges
Command: "/home/helheim/FIT/FIT-IVS2023/tdd_test" "--gtest_filter=NonEmptyGraph.edges" "--gtest_also_run_disabled_tests"
Directory: /home/helheim/FIT/FIT-IVS2023
"NonEmptyGraph.edges" start time: Feb 20 19:28 CET
Output:
----------------------------------------------------------
Running main() from /home/helheim/FIT/FIT-IVS2023/_deps/googletest-src/googletest/src/gtest_main.cc
Note: Google Test filter = NonEmptyGraph.edges
[==========] Running 1 test from 1 test suite.
[----------] Global test environment set-up.
[----------] 1 test from NonEmptyGraph
[ RUN      ] NonEmptyGraph.edges
/home/helheim/FIT/FIT-IVS2023/tdd_tests.cpp:71: Failure
Value of: edges
Expected: has 6 elements and there exists some permutation of elements such that:
 - element #0 is equal to {1, 4}, and
 - element #1 is equal to {1, 5}, and
 - element #2 is equal to {4, 6}, and
 - element #3 is equal to {5, 6}, and
 - element #4 is equal to {5, 7}, and
 - element #5 is equal to {7, 6}
  Actual: {}
[  FAILED  ] NonEmptyGraph.edges (0 ms)
[----------] 1 test from NonEmptyGraph (0 ms total)

[----------] Global test environment tear-down
[==========] 1 test from 1 test suite ran. (0 ms total)
[  PASSED  ] 0 tests.
[  FAILED  ] 1 test, listed below:
[  FAILED  ] NonEmptyGraph.edges

 1 FAILED TEST
<end of output>
Test time =   0.00 sec
----------------------------------------------------------
Test Failed.
"NonEmptyGraph.edges" end time: Feb 20 19:28 CET
"NonEmptyGraph.edges" time elapsed: 00:00:00
----------------------------------------------------------

20/50 Testing: NonEmptyGraph.addNode
20/50 Test: NonEmptyGraph.addNode
Command: "/home/helheim/FIT/FIT-IVS2023/tdd_test" "--gtest_filter=NonEmptyGraph.addNode" "--gtest_also_run_disabled_tests"
Directory: /home/helheim/FIT/FIT-IVS2023
"NonEmptyGraph.addNode" start time: Feb 20 19:28 CET
Output:
----------------------------------------------------------
Running main() from /home/helheim/FIT/FIT-IVS2023/_deps/googletest-src/googletest/src/gtest_main.cc
Note: Google Test filter = NonEmptyGraph.addNode
[==========] Running 1 test from 1 test suite.
[----------] Global test environment set-up.
[----------] 1 test from NonEmptyGraph
[ RUN      ] NonEmptyGraph.addNode
/home/helheim/FIT/FIT-IVS2023/tdd_tests.cpp:77: Failure
Expected: (node) != (nullptr), actual: NULL vs (nullptr)
[  FAILED  ] NonEmptyGraph.addNode (0 ms)
[----------] 1 test from NonEmptyGraph (0 ms total)

[----------] Global test environment tear-down
[==========] 1 test from 1 test suite ran. (0 ms total)
[  PASSED  ] 0 tests.
[  FAILED  ] 1 test, listed below:
[  FAILED  ] NonEmptyGraph.addNode

 1 FAILED TEST
<end of output>
Test time =   0.00 sec
----------------------------------------------------------
Test Failed.
"NonEmptyGraph.addNode" end time: Feb 20 19:28 CET
"NonEmptyGraph.addNode" time elapsed: 00:00:00
----------------------------------------------------------

21/50 Testing: NonEmptyGraph.addEdge
21/50 Test: NonEmptyGraph.addEdge
Command: "/home/helheim/FIT/FIT-IVS2023/tdd_test" "--gtest_filter=NonEmptyGraph.addEdge" "--gtest_also_run_disabled_tests"
Directory: /home/helheim/FIT/FIT-IVS2023
"NonEmptyGraph.addEdge" start time: Feb 20 19:28 CET
Output:
----------------------------------------------------------
Running main() from /home/helheim/FIT/FIT-IVS2023/_deps/googletest-src/googletest/src/gtest_main.cc
Note: Google Test filter = NonEmptyGraph.addEdge
[==========] Running 1 test from 1 test suite.
[----------] Global test environment set-up.
[----------] 1 test from NonEmptyGraph
[ RUN      ] NonEmptyGraph.addEdge
/home/helheim/FIT/FIT-IVS2023/tdd_tests.cpp:101: Failure
Value of: graph.addEdge(Edge(1, 8))
  Actual: false
Expected: true
/home/helheim/FIT/FIT-IVS2023/tdd_tests.cpp:103: Failure
Value of: edges
Expected: has 7 elements and there exists some permutation of elements such that:
 - element #0 is equal to {1, 4}, and
 - element #1 is equal to {1, 5}, and
 - element #2 is equal to {1, 8}, and
 - element #3 is equal to {4, 6}, and
 - element #4 is equal to {5, 6}, and
 - element #5 is equal to {5, 7}, and
 - element #6 is equal to {7, 6}
  Actual: {}
/home/helheim/FIT/FIT-IVS2023/tdd_tests.cpp:108: Failure
Value of: edges
Expected: has 7 elements and there exists some permutation of elements such that:
 - element #0 is equal to {1, 4}, and
 - element #1 is equal to {1, 5}, and
 - element #2 is equal to {1, 8}, and
 - element #3 is equal to {4, 6}, and
 - element #4 is equal to {5, 6}, and
 - element #5 is equal to {5, 7}, and
 - element #6 is equal to {7, 6}
  Actual: {}
/home/helheim/FIT/FIT-IVS2023/tdd_tests.cpp:113: Failure
Value of: edges
Expected: has 7 elements and there exists some permutation of elements such that:
 - element #0 is equal to {1, 4}, and
 - element #1 is equal to {1, 5}, and
 - element #2 is equal to {1, 8}, and
 - element #3 is equal to {4, 6}, and
 - element #4 is equal to {5, 6}, and
 - element #5 is equal to {5, 7}, and
 - element #6 is equal to {7, 6}
  Actual: {}
/home/helheim/FIT/FIT-IVS2023/tdd_tests.cpp:118: Failure
Value of: edges
Expected: has 7 elements and there exists some permutation of elements such that:
 - element #0 is equal to {1, 4}, and
 - element #1 is equal to {1, 5}, and
 - element #2 is equal to {1, 8}, and
 - element #3 is equal to {4, 6}, and
 - element #4 is equal to {5, 6}, and
 - element #5 is equal to {5, 7}, and
 - element #6 is equal to {7, 6}
  Actual: {}
[  FAILED  ] NonEmptyGraph.addEdge (0 ms)
[----------] 1 test from NonEmptyGraph (0 ms total)

[----------] Global test environment tear-down
[==========] 1 test from 1 test suite ran. (0 ms total)
[  PASSED  ] 0 tests.
[  FAILED  ] 1 test, listed below:
[  FAILED  ] NonEmptyGraph.addEdge

 1 FAILED TEST
<end of output>
Test time =   0.00 sec
----------------------------------------------------------
Test Failed.
"NonEmptyGraph.addEdge" end time: Feb 20 19:28 CET
"NonEmptyGraph.addEdge" time elapsed: 00:00:00
----------------------------------------------------------

22/50 Testing: NonEmptyGraph.addMultipleEdges
22/50 Test: NonEmptyGraph.addMultipleEdges
Command: "/home/helheim/FIT/FIT-IVS2023/tdd_test" "--gtest_filter=NonEmptyGraph.addMultipleEdges" "--gtest_also_run_disabled_tests"
Directory: /home/helheim/FIT/FIT-IVS2023
"NonEmptyGraph.addMultipleEdges" start time: Feb 20 19:28 CET
Output:
----------------------------------------------------------
Running main() from /home/helheim/FIT/FIT-IVS2023/_deps/googletest-src/googletest/src/gtest_main.cc
Note: Google Test filter = NonEmptyGraph.addMultipleEdges
[==========] Running 1 test from 1 test suite.
[----------] Global test environment set-up.
[----------] 1 test from NonEmptyGraph
[ RUN      ] NonEmptyGraph.addMultipleEdges
/home/helheim/FIT/FIT-IVS2023/tdd_tests.cpp:130: Failure
Value of: graph.nodes()
Expected: has 9 elements and there exists some permutation of elements such that:
 - element #0 is an object whose given field is equal to 1, and
 - element #1 is an object whose given field is equal to 4, and
 - element #2 is an object whose given field is equal to 5, and
 - element #3 is an object whose given field is equal to 6, and
 - element #4 is an object whose given field is equal to 7, and
 - element #5 is an object whose given field is equal to 10, and
 - element #6 is an object whose given field is equal to 40, and
 - element #7 is an object whose given field is equal to 70, and
 - element #8 is an object whose given field is equal to 60
  Actual: {}
/home/helheim/FIT/FIT-IVS2023/tdd_tests.cpp:140: Failure
Value of: graph.edges()
Expected: has 9 elements and there exists some permutation of elements such that:
 - element #0 is equal to {1, 4}, and
 - element #1 is equal to {1, 5}, and
 - element #2 is equal to {4, 6}, and
 - element #3 is equal to {5, 6}, and
 - element #4 is equal to {5, 7}, and
 - element #5 is equal to {7, 6}, and
 - element #6 is equal to {10, 40}, and
 - element #7 is equal to {10, 1}, and
 - element #8 is equal to {70, 60}
  Actual: {}
[  FAILED  ] NonEmptyGraph.addMultipleEdges (0 ms)
[----------] 1 test from NonEmptyGraph (0 ms total)

[----------] Global test environment tear-down
[==========] 1 test from 1 test suite ran. (0 ms total)
[  PASSED  ] 0 tests.
[  FAILED  ] 1 test, listed below:
[  FAILED  ] NonEmptyGraph.addMultipleEdges

 1 FAILED TEST
<end of output>
Test time =   0.00 sec
----------------------------------------------------------
Test Failed.
"NonEmptyGraph.addMultipleEdges" end time: Feb 20 19:28 CET
"NonEmptyGraph.addMultipleEdges" time elapsed: 00:00:00
----------------------------------------------------------

23/50 Testing: NonEmptyGraph.getNode
23/50 Test: NonEmptyGraph.getNode
Command: "/home/helheim/FIT/FIT-IVS2023/tdd_test" "--gtest_filter=NonEmptyGraph.getNode" "--gtest_also_run_disabled_tests"
Directory: /home/helheim/FIT/FIT-IVS2023
"NonEmptyGraph.getNode" start time: Feb 20 19:28 CET
Output:
----------------------------------------------------------
Running main() from /home/helheim/FIT/FIT-IVS2023/_deps/googletest-src/googletest/src/gtest_main.cc
Note: Google Test filter = NonEmptyGraph.getNode
[==========] Running 1 test from 1 test suite.
[----------] Global test environment set-up.
[----------] 1 test from NonEmptyGraph
[ RUN      ] NonEmptyGraph.getNode
/home/helheim/FIT/FIT-IVS2023/tdd_tests.cpp:148: Failure
Expected: (node) != (nullptr), actual: NULL vs (nullptr)
[  FAILED  ] NonEmptyGraph.getNode (0 ms)
[----------] 1 test from NonEmptyGraph (0 ms total)

[----------] Global test environment tear-down
[==========] 1 test from 1 test suite ran. (0 ms total)
[  PASSED  ] 0 tests.
[  FAILED  ] 1 test, listed below:
[  FAILED  ] NonEmptyGraph.getNode

 1 FAILED TEST
<end of output>
Test time =   0.00 sec
----------------------------------------------------------
Test Failed.
"NonEmptyGraph.getNode" end time: Feb 20 19:28 CET
"NonEmptyGraph.getNode" time elapsed: 00:00:00
----------------------------------------------------------

24/50 Testing: NonEmptyGraph.containsEdge
24/50 Test: NonEmptyGraph.containsEdge
Command: "/home/helheim/FIT/FIT-IVS2023/tdd_test" "--gtest_filter=NonEmptyGraph.containsEdge" "--gtest_also_run_disabled_tests"
Directory: /home/helheim/FIT/FIT-IVS2023
"NonEmptyGraph.containsEdge" start time: Feb 20 19:28 CET
Output:
----------------------------------------------------------
Running main() from /home/helheim/FIT/FIT-IVS2023/_deps/googletest-src/googletest/src/gtest_main.cc
Note: Google Test filter = NonEmptyGraph.containsEdge
[==========] Running 1 test from 1 test suite.
[----------] Global test environment set-up.
[----------] 1 test from NonEmptyGraph
[ RUN      ] NonEmptyGraph.containsEdge
/home/helheim/FIT/FIT-IVS2023/tdd_tests.cpp:155: Failure
Value of: graph.containsEdge(Edge(1, 4))
  Actual: false
Expected: true
/home/helheim/FIT/FIT-IVS2023/tdd_tests.cpp:156: Failure
Value of: graph.containsEdge(Edge(4, 1))
  Actual: false
Expected: true
[  FAILED  ] NonEmptyGraph.containsEdge (0 ms)
[----------] 1 test from NonEmptyGraph (0 ms total)

[----------] Global test environment tear-down
[==========] 1 test from 1 test suite ran. (0 ms total)
[  PASSED  ] 0 tests.
[  FAILED  ] 1 test, listed below:
[  FAILED  ] NonEmptyGraph.containsEdge

 1 FAILED TEST
<end of output>
Test time =   0.00 sec
----------------------------------------------------------
Test Failed.
"NonEmptyGraph.containsEdge" end time: Feb 20 19:28 CET
"NonEmptyGraph.containsEdge" time elapsed: 00:00:00
----------------------------------------------------------

25/50 Testing: NonEmptyGraph.removeNode
25/50 Test: NonEmptyGraph.removeNode
Command: "/home/helheim/FIT/FIT-IVS2023/tdd_test" "--gtest_filter=NonEmptyGraph.removeNode" "--gtest_also_run_disabled_tests"
Directory: /home/helheim/FIT/FIT-IVS2023
"NonEmptyGraph.removeNode" start time: Feb 20 19:28 CET
Output:
----------------------------------------------------------
Running main() from /home/helheim/FIT/FIT-IVS2023/_deps/googletest-src/googletest/src/gtest_main.cc
Note: Google Test filter = NonEmptyGraph.removeNode
[==========] Running 1 test from 1 test suite.
[----------] Global test environment set-up.
[----------] 1 test from NonEmptyGraph
[ RUN      ] NonEmptyGraph.removeNode
/home/helheim/FIT/FIT-IVS2023/tdd_tests.cpp:169: Failure
Value of: nodes
Expected: has 4 elements and there exists some permutation of elements such that:
 - element #0 is an object whose given field is equal to 4, and
 - element #1 is an object whose given field is equal to 5, and
 - element #2 is an object whose given field is equal to 6, and
 - element #3 is an object whose given field is equal to 7
  Actual: {}
/home/helheim/FIT/FIT-IVS2023/tdd_tests.cpp:175: Failure
Value of: edges
Expected: has 4 elements and there exists some permutation of elements such that:
 - element #0 is equal to {4, 6}, and
 - element #1 is equal to {5, 6}, and
 - element #2 is equal to {5, 7}, and
 - element #3 is equal to {7, 6}
  Actual: {}
/home/helheim/FIT/FIT-IVS2023/tdd_tests.cpp:177: Failure
Expected: graph.removeNode(1) throws an exception of type std::out_of_range.
  Actual: it throws nothing.
[  FAILED  ] NonEmptyGraph.removeNode (0 ms)
[----------] 1 test from NonEmptyGraph (0 ms total)

[----------] Global test environment tear-down
[==========] 1 test from 1 test suite ran. (0 ms total)
[  PASSED  ] 0 tests.
[  FAILED  ] 1 test, listed below:
[  FAILED  ] NonEmptyGraph.removeNode

 1 FAILED TEST
<end of output>
Test time =   0.00 sec
----------------------------------------------------------
Test Failed.
"NonEmptyGraph.removeNode" end time: Feb 20 19:28 CET
"NonEmptyGraph.removeNode" time elapsed: 00:00:00
----------------------------------------------------------

26/50 Testing: NonEmptyGraph.removeEdge
26/50 Test: NonEmptyGraph.removeEdge
Command: "/home/helheim/FIT/FIT-IVS2023/tdd_test" "--gtest_filter=NonEmptyGraph.removeEdge" "--gtest_also_run_disabled_tests"
Directory: /home/helheim/FIT/FIT-IVS2023
"NonEmptyGraph.removeEdge" start time: Feb 20 19:28 CET
Output:
----------------------------------------------------------
Running main() from /home/helheim/FIT/FIT-IVS2023/_deps/googletest-src/googletest/src/gtest_main.cc
Note: Google Test filter = NonEmptyGraph.removeEdge
[==========] Running 1 test from 1 test suite.
[----------] Global test environment set-up.
[----------] 1 test from NonEmptyGraph
[ RUN      ] NonEmptyGraph.removeEdge
/home/helheim/FIT/FIT-IVS2023/tdd_tests.cpp:183: Failure
Value of: edges
Expected: has 5 elements and there exists some permutation of elements such that:
 - element #0 is equal to {1, 5}, and
 - element #1 is equal to {4, 6}, and
 - element #2 is equal to {5, 6}, and
 - element #3 is equal to {5, 7}, and
 - element #4 is equal to {7, 6}
  Actual: {}
/home/helheim/FIT/FIT-IVS2023/tdd_tests.cpp:186: Failure
Expected: graph.removeEdge(Edge(1, 4)) throws an exception of type std::out_of_range.
  Actual: it throws nothing.
[  FAILED  ] NonEmptyGraph.removeEdge (0 ms)
[----------] 1 test from NonEmptyGraph (0 ms total)

[----------] Global test environment tear-down
[==========] 1 test from 1 test suite ran. (0 ms total)
[  PASSED  ] 0 tests.
[  FAILED  ] 1 test, listed below:
[  FAILED  ] NonEmptyGraph.removeEdge

 1 FAILED TEST
<end of output>
Test time =   0.00 sec
----------------------------------------------------------
Test Failed.
"NonEmptyGraph.removeEdge" end time: Feb 20 19:28 CET
"NonEmptyGraph.removeEdge" time elapsed: 00:00:00
----------------------------------------------------------

27/50 Testing: NonEmptyGraph.nodeCount
27/50 Test: NonEmptyGraph.nodeCount
Command: "/home/helheim/FIT/FIT-IVS2023/tdd_test" "--gtest_filter=NonEmptyGraph.nodeCount" "--gtest_also_run_disabled_tests"
Directory: /home/helheim/FIT/FIT-IVS2023
"NonEmptyGraph.nodeCount" start time: Feb 20 19:28 CET
Output:
----------------------------------------------------------
Running main() from /home/helheim/FIT/FIT-IVS2023/_deps/googletest-src/googletest/src/gtest_main.cc
Note: Google Test filter = NonEmptyGraph.nodeCount
[==========] Running 1 test from 1 test suite.
[----------] Global test environment set-up.
[----------] 1 test from NonEmptyGraph
[ RUN      ] NonEmptyGraph.nodeCount
/home/helheim/FIT/FIT-IVS2023/tdd_tests.cpp:190: Failure
Expected equality of these values:
  graph.nodeCount()
    Which is: 42
  5
[  FAILED  ] NonEmptyGraph.nodeCount (0 ms)
[----------] 1 test from NonEmptyGraph (0 ms total)

[----------] Global test environment tear-down
[==========] 1 test from 1 test suite ran. (0 ms total)
[  PASSED  ] 0 tests.
[  FAILED  ] 1 test, listed below:
[  FAILED  ] NonEmptyGraph.nodeCount

 1 FAILED TEST
<end of output>
Test time =   0.00 sec
----------------------------------------------------------
Test Failed.
"NonEmptyGraph.nodeCount" end time: Feb 20 19:28 CET
"NonEmptyGraph.nodeCount" time elapsed: 00:00:00
----------------------------------------------------------

28/50 Testing: NonEmptyGraph.edgeCount
28/50 Test: NonEmptyGraph.edgeCount
Command: "/home/helheim/FIT/FIT-IVS2023/tdd_test" "--gtest_filter=NonEmptyGraph.edgeCount" "--gtest_also_run_disabled_tests"
Directory: /home/helheim/FIT/FIT-IVS2023
"NonEmptyGraph.edgeCount" start time: Feb 20 19:28 CET
Output:
----------------------------------------------------------
Running main() from /home/helheim/FIT/FIT-IVS2023/_deps/googletest-src/googletest/src/gtest_main.cc
Note: Google Test filter = NonEmptyGraph.edgeCount
[==========] Running 1 test from 1 test suite.
[----------] Global test environment set-up.
[----------] 1 test from NonEmptyGraph
[ RUN      ] NonEmptyGraph.edgeCount
/home/helheim/FIT/FIT-IVS2023/tdd_tests.cpp:194: Failure
Expected equality of these values:
  graph.edgeCount()
    Which is: 42
  6
[  FAILED  ] NonEmptyGraph.edgeCount (0 ms)
[----------] 1 test from NonEmptyGraph (0 ms total)

[----------] Global test environment tear-down
[==========] 1 test from 1 test suite ran. (0 ms total)
[  PASSED  ] 0 tests.
[  FAILED  ] 1 test, listed below:
[  FAILED  ] NonEmptyGraph.edgeCount

 1 FAILED TEST
<end of output>
Test time =   0.00 sec
----------------------------------------------------------
Test Failed.
"NonEmptyGraph.edgeCount" end time: Feb 20 19:28 CET
"NonEmptyGraph.edgeCount" time elapsed: 00:00:00
----------------------------------------------------------

29/50 Testing: NonEmptyGraph.nodeDegree
29/50 Test: NonEmptyGraph.nodeDegree
Command: "/home/helheim/FIT/FIT-IVS2023/tdd_test" "--gtest_filter=NonEmptyGraph.nodeDegree" "--gtest_also_run_disabled_tests"
Directory: /home/helheim/FIT/FIT-IVS2023
"NonEmptyGraph.nodeDegree" start time: Feb 20 19:28 CET
Output:
----------------------------------------------------------
Running main() from /home/helheim/FIT/FIT-IVS2023/_deps/googletest-src/googletest/src/gtest_main.cc
Note: Google Test filter = NonEmptyGraph.nodeDegree
[==========] Running 1 test from 1 test suite.
[----------] Global test environment set-up.
[----------] 1 test from NonEmptyGraph
[ RUN      ] NonEmptyGraph.nodeDegree
/home/helheim/FIT/FIT-IVS2023/tdd_tests.cpp:198: Failure
Expected equality of these values:
  graph.nodeDegree(1)
    Which is: 42
  2
/home/helheim/FIT/FIT-IVS2023/tdd_tests.cpp:199: Failure
Expected equality of these values:
  graph.nodeDegree(4)
    Which is: 42
  2
/home/helheim/FIT/FIT-IVS2023/tdd_tests.cpp:200: Failure
Expected equality of these values:
  graph.nodeDegree(5)
    Which is: 42
  3
/home/helheim/FIT/FIT-IVS2023/tdd_tests.cpp:201: Failure
Expected equality of these values:
  graph.nodeDegree(6)
    Which is: 42
  3
/home/helheim/FIT/FIT-IVS2023/tdd_tests.cpp:202: Failure
Expected equality of these values:
  graph.nodeDegree(7)
    Which is: 42
  2
/home/helheim/FIT/FIT-IVS2023/tdd_tests.cpp:203: Failure
Expected: graph.nodeDegree(9) throws an exception of type std::out_of_range.
  Actual: it throws nothing.
[  FAILED  ] NonEmptyGraph.nodeDegree (0 ms)
[----------] 1 test from NonEmptyGraph (0 ms total)

[----------] Global test environment tear-down
[==========] 1 test from 1 test suite ran. (0 ms total)
[  PASSED  ] 0 tests.
[  FAILED  ] 1 test, listed below:
[  FAILED  ] NonEmptyGraph.nodeDegree

 1 FAILED TEST
<end of output>
Test time =   0.00 sec
----------------------------------------------------------
Test Failed.
"NonEmptyGraph.nodeDegree" end time: Feb 20 19:28 CET
"NonEmptyGraph.nodeDegree" time elapsed: 00:00:00
----------------------------------------------------------

30/50 Testing: NonEmptyGraph.graphDegree
30/50 Test: NonEmptyGraph.graphDegree
Command: "/home/helheim/FIT/FIT-IVS2023/tdd_test" "--gtest_filter=NonEmptyGraph.graphDegree" "--gtest_also_run_disabled_tests"
Directory: /home/helheim/FIT/FIT-IVS2023
"NonEmptyGraph.graphDegree" start time: Feb 20 19:28 CET
Output:
----------------------------------------------------------
Running main() from /home/helheim/FIT/FIT-IVS2023/_deps/googletest-src/googletest/src/gtest_main.cc
Note: Google Test filter = NonEmptyGraph.graphDegree
[==========] Running 1 test from 1 test suite.
[----------] Global test environment set-up.
[----------] 1 test from NonEmptyGraph
[ RUN      ] NonEmptyGraph.graphDegree
/home/helheim/FIT/FIT-IVS2023/tdd_tests.cpp:207: Failure
Expected equality of these values:
  graph.graphDegree()
    Which is: 42
  3
[  FAILED  ] NonEmptyGraph.graphDegree (0 ms)
[----------] 1 test from NonEmptyGraph (0 ms total)

[----------] Global test environment tear-down
[==========] 1 test from 1 test suite ran. (0 ms total)
[  PASSED  ] 0 tests.
[  FAILED  ] 1 test, listed below:
[  FAILED  ] NonEmptyGraph.graphDegree

 1 FAILED TEST
<end of output>
Test time =   0.00 sec
----------------------------------------------------------
Test Failed.
"NonEmptyGraph.graphDegree" end time: Feb 20 19:28 CET
"NonEmptyGraph.graphDegree" time elapsed: 00:00:00
----------------------------------------------------------

31/50 Testing: NonEmptyGraph.coloring
31/50 Test: NonEmptyGraph.coloring
Command: "/home/helheim/FIT/FIT-IVS2023/tdd_test" "--gtest_filter=NonEmptyGraph.coloring" "--gtest_also_run_disabled_tests"
Directory: /home/helheim/FIT/FIT-IVS2023
"NonEmptyGraph.coloring" start time: Feb 20 19:28 CET
Output:
----------------------------------------------------------
Running main() from /home/helheim/FIT/FIT-IVS2023/_deps/googletest-src/googletest/src/gtest_main.cc
Note: Google Test filter = NonEmptyGraph.coloring
[==========] Running 1 test from 1 test suite.
[----------] Global test environment set-up.
[----------] 1 test from NonEmptyGraph
[ RUN      ] NonEmptyGraph.coloring
/home/helheim/FIT/FIT-IVS2023/tdd_tests.cpp:218: Failure
Value of: *colors.begin() != 0
  Actual: false
Expected: true
[  FAILED  ] NonEmptyGraph.coloring (0 ms)
[----------] 1 test from NonEmptyGraph (0 ms total)

[----------] Global test environment tear-down
[==========] 1 test from 1 test suite ran. (0 ms total)
[  PASSED  ] 0 tests.
[  FAILED  ] 1 test, listed below:
[  FAILED  ] NonEmptyGraph.coloring

 1 FAILED TEST
<end of output>
Test time =   0.00 sec
----------------------------------------------------------
Test Failed.
"NonEmptyGraph.coloring" end time: Feb 20 19:28 CET
"NonEmptyGraph.coloring" time elapsed: 00:00:00
----------------------------------------------------------

32/50 Testing: NonEmptyGraph.clear
32/50 Test: NonEmptyGraph.clear
Command: "/home/helheim/FIT/FIT-IVS2023/tdd_test" "--gtest_filter=NonEmptyGraph.clear" "--gtest_also_run_disabled_tests"
Directory: /home/helheim/FIT/FIT-IVS2023
"NonEmptyGraph.clear" start time: Feb 20 19:28 CET
Output:
----------------------------------------------------------
Running main() from /home/helheim/FIT/FIT-IVS2023/_deps/googletest-src/googletest/src/gtest_main.cc
Note: Google Test filter = NonEmptyGraph.clear
[==========] Running 1 test from 1 test suite.
[----------] Global test environment set-up.
[----------] 1 test from NonEmptyGraph
[ RUN      ] NonEmptyGraph.clear
[       OK ] NonEmptyGraph.clear (0 ms)
[----------] 1 test from NonEmptyGraph (0 ms total)

[----------] Global test environment tear-down
[==========] 1 test from 1 test suite ran. (0 ms total)
[  PASSED  ] 1 test.
<end of output>
Test time =   0.00 sec
----------------------------------------------------------
Test Passed.
"NonEmptyGraph.clear" end time: Feb 20 19:28 CET
"NonEmptyGraph.clear" time elapsed: 00:00:00
----------------------------------------------------------

33/50 Testing: EmptyGraph.nodes
33/50 Test: EmptyGraph.nodes
Command: "/home/helheim/FIT/FIT-IVS2023/tdd_test" "--gtest_filter=EmptyGraph.nodes" "--gtest_also_run_disabled_tests"
Directory: /home/helheim/FIT/FIT-IVS2023
"EmptyGraph.nodes" start time: Feb 20 19:28 CET
Output:
----------------------------------------------------------
Running main() from /home/helheim/FIT/FIT-IVS2023/_deps/googletest-src/googletest/src/gtest_main.cc
Note: Google Test filter = EmptyGraph.nodes
[==========] Running 1 test from 1 test suite.
[----------] Global test environment set-up.
[----------] 1 test from EmptyGraph
[ RUN      ] EmptyGraph.nodes
[       OK ] EmptyGraph.nodes (0 ms)
[----------] 1 test from EmptyGraph (0 ms total)

[----------] Global test environment tear-down
[==========] 1 test from 1 test suite ran. (0 ms total)
[  PASSED  ] 1 test.
<end of output>
Test time =   0.00 sec
----------------------------------------------------------
Test Passed.
"EmptyGraph.nodes" end time: Feb 20 19:28 CET
"EmptyGraph.nodes" time elapsed: 00:00:00
----------------------------------------------------------

34/50 Testing: EmptyGraph.edges
34/50 Test: EmptyGraph.edges
Command: "/home/helheim/FIT/FIT-IVS2023/tdd_test" "--gtest_filter=EmptyGraph.edges" "--gtest_also_run_disabled_tests"
Directory: /home/helheim/FIT/FIT-IVS2023
"EmptyGraph.edges" start time: Feb 20 19:28 CET
Output:
----------------------------------------------------------
Running main() from /home/helheim/FIT/FIT-IVS2023/_deps/googletest-src/googletest/src/gtest_main.cc
Note: Google Test filter = EmptyGraph.edges
[==========] Running 1 test from 1 test suite.
[----------] Global test environment set-up.
[----------] 1 test from EmptyGraph
[ RUN      ] EmptyGraph.edges
[       OK ] EmptyGraph.edges (0 ms)
[----------] 1 test from EmptyGraph (0 ms total)

[----------] Global test environment tear-down
[==========] 1 test from 1 test suite ran. (0 ms total)
[  PASSED  ] 1 test.
<end of output>
Test time =   0.00 sec
----------------------------------------------------------
Test Passed.
"EmptyGraph.edges" end time: Feb 20 19:28 CET
"EmptyGraph.edges" time elapsed: 00:00:00
----------------------------------------------------------

35/50 Testing: EmptyGraph.addNode
35/50 Test: EmptyGraph.addNode
Command: "/home/helheim/FIT/FIT-IVS2023/tdd_test" "--gtest_filter=EmptyGraph.addNode" "--gtest_also_run_disabled_tests"
Directory: /home/helheim/FIT/FIT-IVS2023
"EmptyGraph.addNode" start time: Feb 20 19:28 CET
Output:
----------------------------------------------------------
Running main() from /home/helheim/FIT/FIT-IVS2023/_deps/googletest-src/googletest/src/gtest_main.cc
Note: Google Test filter = EmptyGraph.addNode
[==========] Running 1 test from 1 test suite.
[----------] Global test environment set-up.
[----------] 1 test from EmptyGraph
[ RUN      ] EmptyGraph.addNode
/home/helheim/FIT/FIT-IVS2023/tdd_tests.cpp:249: Failure
Expected: (node) != (nullptr), actual: NULL vs (nullptr)
[  FAILED  ] EmptyGraph.addNode (0 ms)
[----------] 1 test from EmptyGraph (0 ms total)

[----------] Global test environment tear-down
[==========] 1 test from 1 test suite ran. (0 ms total)
[  PASSED  ] 0 tests.
[  FAILED  ] 1 test, listed below:
[  FAILED  ] EmptyGraph.addNode

 1 FAILED TEST
<end of output>
Test time =   0.00 sec
----------------------------------------------------------
Test Failed.
"EmptyGraph.addNode" end time: Feb 20 19:28 CET
"EmptyGraph.addNode" time elapsed: 00:00:00
----------------------------------------------------------

36/50 Testing: EmptyGraph.addEdge
36/50 Test: EmptyGraph.addEdge
Command: "/home/helheim/FIT/FIT-IVS2023/tdd_test" "--gtest_filter=EmptyGraph.addEdge" "--gtest_also_run_disabled_tests"
Directory: /home/helheim/FIT/FIT-IVS2023
"EmptyGraph.addEdge" start time: Feb 20 19:28 CET
Output:
----------------------------------------------------------
Running main() from /home/helheim/FIT/FIT-IVS2023/_deps/googletest-src/googletest/src/gtest_main.cc
Note: Google Test filter = EmptyGraph.addEdge
[==========] Running 1 test from 1 test suite.
[----------] Global test environment set-up.
[----------] 1 test from EmptyGraph
[ RUN      ] EmptyGraph.addEdge
/home/helheim/FIT/FIT-IVS2023/tdd_tests.cpp:260: Failure
Value of: graph.addEdge(Edge(1, 4))
  Actual: false
Expected: true
/home/helheim/FIT/FIT-IVS2023/tdd_tests.cpp:262: Failure
Value of: edges
Expected: has 1 element and that element is equal to {1, 4}
  Actual: {}
[  FAILED  ] EmptyGraph.addEdge (0 ms)
[----------] 1 test from EmptyGraph (0 ms total)

[----------] Global test environment tear-down
[==========] 1 test from 1 test suite ran. (0 ms total)
[  PASSED  ] 0 tests.
[  FAILED  ] 1 test, listed below:
[  FAILED  ] EmptyGraph.addEdge

 1 FAILED TEST
<end of output>
Test time =   0.00 sec
----------------------------------------------------------
Test Failed.
"EmptyGraph.addEdge" end time: Feb 20 19:28 CET
"EmptyGraph.addEdge" time elapsed: 00:00:00
----------------------------------------------------------

37/50 Testing: EmptyGraph.addMultipleEdges
37/50 Test: EmptyGraph.addMultipleEdges
Command: "/home/helheim/FIT/FIT-IVS2023/tdd_test" "--gtest_filter=EmptyGraph.addMultipleEdges" "--gtest_also_run_disabled_tests"
Directory: /home/helheim/FIT/FIT-IVS2023
"EmptyGraph.addMultipleEdges" start time: Feb 20 19:28 CET
Output:
----------------------------------------------------------
Running main() from /home/helheim/FIT/FIT-IVS2023/_deps/googletest-src/googletest/src/gtest_main.cc
Note: Google Test filter = EmptyGraph.addMultipleEdges
[==========] Running 1 test from 1 test suite.
[----------] Global test environment set-up.
[----------] 1 test from EmptyGraph
[ RUN      ] EmptyGraph.addMultipleEdges
/home/helheim/FIT/FIT-IVS2023/tdd_tests.cpp:277: Failure
Value of: graph.nodes()
Expected: has 5 elements and there exists some permutation of elements such that:
 - element #0 is an object whose given field is equal to 1, and
 - element #1 is an object whose given field is equal to 4, and
 - element #2 is an object whose given field is equal to 5, and
 - element #3 is an object whose given field is equal to 6, and
 - element #4 is an object whose given field is equal to 7
  Actual: {}
/home/helheim/FIT/FIT-IVS2023/tdd_tests.cpp:283: Failure
Value of: graph.edges()
Expected: has 6 elements and there exists some permutation of elements such that:
 - element #0 is equal to {1, 4}, and
 - element #1 is equal to {1, 5}, and
 - element #2 is equal to {4, 6}, and
 - element #3 is equal to {5, 6}, and
 - element #4 is equal to {5, 7}, and
 - element #5 is equal to {7, 6}
  Actual: {}
[  FAILED  ] EmptyGraph.addMultipleEdges (0 ms)
[----------] 1 test from EmptyGraph (0 ms total)

[----------] Global test environment tear-down
[==========] 1 test from 1 test suite ran. (0 ms total)
[  PASSED  ] 0 tests.
[  FAILED  ] 1 test, listed below:
[  FAILED  ] EmptyGraph.addMultipleEdges

 1 FAILED TEST
<end of output>
Test time =   0.00 sec
----------------------------------------------------------
Test Failed.
"EmptyGraph.addMultipleEdges" end time: Feb 20 19:28 CET
"EmptyGraph.addMultipleEdges" time elapsed: 00:00:00
----------------------------------------------------------

38/50 Testing: EmptyGraph.getNode
38/50 Test: EmptyGraph.getNode
Command: "/home/helheim/FIT/FIT-IVS2023/tdd_test" "--gtest_filter=EmptyGraph.getNode" "--gtest_also_run_disabled_tests"
Directory: /home/helheim/FIT/FIT-IVS2023
"EmptyGraph.getNode" start time: Feb 20 19:28 CET
Output:
----------------------------------------------------------
Running main() from /home/helheim/FIT/FIT-IVS2023/_deps/googletest-src/googletest/src/gtest_main.cc
Note: Google Test filter = EmptyGraph.getNode
[==========] Running 1 test from 1 test suite.
[----------] Global test environment set-up.
[----------] 1 test from EmptyGraph
[ RUN      ] EmptyGraph.getNode
[       OK ] EmptyGraph.getNode (0 ms)
[----------] 1 test from EmptyGraph (0 ms total)

[----------] Global test environment tear-down
[==========] 1 test from 1 test suite ran. (0 ms total)
[  PASSED  ] 1 test.
<end of output>
Test time =   0.00 sec
----------------------------------------------------------
Test Passed.
"EmptyGraph.getNode" end time: Feb 20 19:28 CET
"EmptyGraph.getNode" time elapsed: 00:00:00
----------------------------------------------------------

39/50 Testing: EmptyGraph.containsEdge
39/50 Test: EmptyGraph.containsEdge
Command: "/home/helheim/FIT/FIT-IVS2023/tdd_test" "--gtest_filter=EmptyGraph.containsEdge" "--gtest_also_run_disabled_tests"
Directory: /home/helheim/FIT/FIT-IVS2023
"EmptyGraph.containsEdge" start time: Feb 20 19:28 CET
Output:
----------------------------------------------------------
Running main() from /home/helheim/FIT/FIT-IVS2023/_deps/googletest-src/googletest/src/gtest_main.cc
Note: Google Test filter = EmptyGraph.containsEdge
[==========] Running 1 test from 1 test suite.
[----------] Global test environment set-up.
[----------] 1 test from EmptyGraph
[ RUN      ] EmptyGraph.containsEdge
[       OK ] EmptyGraph.containsEdge (0 ms)
[----------] 1 test from EmptyGraph (0 ms total)

[----------] Global test environment tear-down
[==========] 1 test from 1 test suite ran. (0 ms total)
[  PASSED  ] 1 test.
<end of output>
Test time =   0.00 sec
----------------------------------------------------------
Test Passed.
"EmptyGraph.containsEdge" end time: Feb 20 19:28 CET
"EmptyGraph.containsEdge" time elapsed: 00:00:00
----------------------------------------------------------

40/50 Testing: EmptyGraph.removeNode
40/50 Test: EmptyGraph.removeNode
Command: "/home/helheim/FIT/FIT-IVS2023/tdd_test" "--gtest_filter=EmptyGraph.removeNode" "--gtest_also_run_disabled_tests"
Directory: /home/helheim/FIT/FIT-IVS2023
"EmptyGraph.removeNode" start time: Feb 20 19:28 CET
Output:
----------------------------------------------------------
Running main() from /home/helheim/FIT/FIT-IVS2023/_deps/googletest-src/googletest/src/gtest_main.cc
Note: Google Test filter = EmptyGraph.removeNode
[==========] Running 1 test from 1 test suite.
[----------] Global test environment set-up.
[----------] 1 test from EmptyGraph
[ RUN      ] EmptyGraph.removeNode
/home/helheim/FIT/FIT-IVS2023/tdd_tests.cpp:296: Failure
Expected: graph.removeNode(1) throws an exception of type std::out_of_range.
  Actual: it throws nothing.
[  FAILED  ] EmptyGraph.removeNode (0 ms)
[----------] 1 test from EmptyGraph (0 ms total)

[----------] Global test environment tear-down
[==========] 1 test from 1 test suite ran. (0 ms total)
[  PASSED  ] 0 tests.
[  FAILED  ] 1 test, listed below:
[  FAILED  ] EmptyGraph.removeNode

 1 FAILED TEST
<end of output>
Test time =   0.00 sec
----------------------------------------------------------
Test Failed.
"EmptyGraph.removeNode" end time: Feb 20 19:28 CET
"EmptyGraph.removeNode" time elapsed: 00:00:00
----------------------------------------------------------

41/50 Testing: EmptyGraph.removeEdge
41/50 Test: EmptyGraph.removeEdge
Command: "/home/helheim/FIT/FIT-IVS2023/tdd_test" "--gtest_filter=EmptyGraph.removeEdge" "--gtest_also_run_disabled_tests"
Directory: /home/helheim/FIT/FIT-IVS2023
"EmptyGraph.removeEdge" start time: Feb 20 19:28 CET
Output:
----------------------------------------------------------
Running main() from /home/helheim/FIT/FIT-IVS2023/_deps/googletest-src/googletest/src/gtest_main.cc
Note: Google Test filter = EmptyGraph.removeEdge
[==========] Running 1 test from 1 test suite.
[----------] Global test environment set-up.
[----------] 1 test from EmptyGraph
[ RUN      ] EmptyGraph.removeEdge
/home/helheim/FIT/FIT-IVS2023/tdd_tests.cpp:300: Failure
Expected: graph.removeEdge(Edge(1, 4)) throws an exception of type std::out_of_range.
  Actual: it throws nothing.
[  FAILED  ] EmptyGraph.removeEdge (0 ms)
[----------] 1 test from EmptyGraph (0 ms total)

[----------] Global test environment tear-down
[==========] 1 test from 1 test suite ran. (0 ms total)
[  PASSED  ] 0 tests.
[  FAILED  ] 1 test, listed below:
[  FAILED  ] EmptyGraph.removeEdge

 1 FAILED TEST
<end of output>
Test time =   0.00 sec
----------------------------------------------------------
Test Failed.
"EmptyGraph.removeEdge" end time: Feb 20 19:28 CET
"EmptyGraph.removeEdge" time elapsed: 00:00:00
----------------------------------------------------------

42/50 Testing: EmptyGraph.nodeCount
42/50 Test: EmptyGraph.nodeCount
Command: "/home/helheim/FIT/FIT-IVS2023/tdd_test" "--gtest_filter=EmptyGraph.nodeCount" "--gtest_also_run_disabled_tests"
Directory: /home/helheim/FIT/FIT-IVS2023
"EmptyGraph.nodeCount" start time: Feb 20 19:28 CET
Output:
----------------------------------------------------------
Running main() from /home/helheim/FIT/FIT-IVS2023/_deps/googletest-src/googletest/src/gtest_main.cc
Note: Google Test filter = EmptyGraph.nodeCount
[==========] Running 1 test from 1 test suite.
[----------] Global test environment set-up.
[----------] 1 test from EmptyGraph
[ RUN      ] EmptyGraph.nodeCount
/home/helheim/FIT/FIT-IVS2023/tdd_tests.cpp:304: Failure
Expected equality of these values:
  graph.nodeCount()
    Which is: 42
  0
[  FAILED  ] EmptyGraph.nodeCount (0 ms)
[----------] 1 test from EmptyGraph (0 ms total)

[----------] Global test environment tear-down
[==========] 1 test from 1 test suite ran. (0 ms total)
[  PASSED  ] 0 tests.
[  FAILED  ] 1 test, listed below:
[  FAILED  ] EmptyGraph.nodeCount

 1 FAILED TEST
<end of output>
Test time =   0.00 sec
----------------------------------------------------------
Test Failed.
"EmptyGraph.nodeCount" end time: Feb 20 19:28 CET
"EmptyGraph.nodeCount" time elapsed: 00:00:00
----------------------------------------------------------

43/50 Testing: EmptyGraph.edgeCount
43/50 Test: EmptyGraph.edgeCount
Command: "/home/helheim/FIT/FIT-IVS2023/tdd_test" "--gtest_filter=EmptyGraph.edgeCount" "--gtest_also_run_disabled_tests"
Directory: /home/helheim/FIT/FIT-IVS2023
"EmptyGraph.edgeCount" start time: Feb 20 19:28 CET
Output:
----------------------------------------------------------
Running main() from /home/helheim/FIT/FIT-IVS2023/_deps/googletest-src/googletest/src/gtest_main.cc
Note: Google Test filter = EmptyGraph.edgeCount
[==========] Running 1 test from 1 test suite.
[----------] Global test environment set-up.
[----------] 1 test from EmptyGraph
[ RUN      ] EmptyGraph.edgeCount
/home/helheim/FIT/FIT-IVS2023/tdd_tests.cpp:308: Failure
Expected equality of these values:
  graph.edgeCount()
    Which is: 42
  0
[  FAILED  ] EmptyGraph.edgeCount (0 ms)
[----------] 1 test from EmptyGraph (0 ms total)

[----------] Global test environment tear-down
[==========] 1 test from 1 test suite ran. (0 ms total)
[  PASSED  ] 0 tests.
[  FAILED  ] 1 test, listed below:
[  FAILED  ] EmptyGraph.edgeCount

 1 FAILED TEST
<end of output>
Test time =   0.00 sec
----------------------------------------------------------
Test Failed.
"EmptyGraph.edgeCount" end time: Feb 20 19:28 CET
"EmptyGraph.edgeCount" time elapsed: 00:00:00
----------------------------------------------------------

44/50 Testing: EmptyGraph.nodeDegree
44/50 Test: EmptyGraph.nodeDegree
Command: "/home/helheim/FIT/FIT-IVS2023/tdd_test" "--gtest_filter=EmptyGraph.nodeDegree" "--gtest_also_run_disabled_tests"
Directory: /home/helheim/FIT/FIT-IVS2023
"EmptyGraph.nodeDegree" start time: Feb 20 19:28 CET
Output:
----------------------------------------------------------
Running main() from /home/helheim/FIT/FIT-IVS2023/_deps/googletest-src/googletest/src/gtest_main.cc
Note: Google Test filter = EmptyGraph.nodeDegree
[==========] Running 1 test from 1 test suite.
[----------] Global test environment set-up.
[----------] 1 test from EmptyGraph
[ RUN      ] EmptyGraph.nodeDegree
/home/helheim/FIT/FIT-IVS2023/tdd_tests.cpp:312: Failure
Expected: graph.nodeDegree(1) throws an exception of type std::out_of_range.
  Actual: it throws nothing.
[  FAILED  ] EmptyGraph.nodeDegree (0 ms)
[----------] 1 test from EmptyGraph (0 ms total)

[----------] Global test environment tear-down
[==========] 1 test from 1 test suite ran. (0 ms total)
[  PASSED  ] 0 tests.
[  FAILED  ] 1 test, listed below:
[  FAILED  ] EmptyGraph.nodeDegree

 1 FAILED TEST
<end of output>
Test time =   0.00 sec
----------------------------------------------------------
Test Failed.
"EmptyGraph.nodeDegree" end time: Feb 20 19:28 CET
"EmptyGraph.nodeDegree" time elapsed: 00:00:00
----------------------------------------------------------

45/50 Testing: EmptyGraph.graphDegree
45/50 Test: EmptyGraph.graphDegree
Command: "/home/helheim/FIT/FIT-IVS2023/tdd_test" "--gtest_filter=EmptyGraph.graphDegree" "--gtest_also_run_disabled_tests"
Directory: /home/helheim/FIT/FIT-IVS2023
"EmptyGraph.graphDegree" start time: Feb 20 19:28 CET
Output:
----------------------------------------------------------
Running main() from /home/helheim/FIT/FIT-IVS2023/_deps/googletest-src/googletest/src/gtest_main.cc
Note: Google Test filter = EmptyGraph.graphDegree
[==========] Running 1 test from 1 test suite.
[----------] Global test environment set-up.
[----------] 1 test from EmptyGraph
[ RUN      ] EmptyGraph.graphDegree
/home/helheim/FIT/FIT-IVS2023/tdd_tests.cpp:316: Failure
Expected equality of these values:
  graph.graphDegree()
    Which is: 42
  0
[  FAILED  ] EmptyGraph.graphDegree (0 ms)
[----------] 1 test from EmptyGraph (0 ms total)

[----------] Global test environment tear-down
[==========] 1 test from 1 test suite ran. (0 ms total)
[  PASSED  ] 0 tests.
[  FAILED  ] 1 test, listed below:
[  FAILED  ] EmptyGraph.graphDegree

 1 FAILED TEST
<end of output>
Test time =   0.00 sec
----------------------------------------------------------
Test Failed.
"EmptyGraph.graphDegree" end time: Feb 20 19:28 CET
"EmptyGraph.graphDegree" time elapsed: 00:00:00
----------------------------------------------------------

46/50 Testing: EmptyGraph.coloring
46/50 Test: EmptyGraph.coloring
Command: "/home/helheim/FIT/FIT-IVS2023/tdd_test" "--gtest_filter=EmptyGraph.coloring" "--gtest_also_run_disabled_tests"
Directory: /home/helheim/FIT/FIT-IVS2023
"EmptyGraph.coloring" start time: Feb 20 19:28 CET
Output:
----------------------------------------------------------
Running main() from /home/helheim/FIT/FIT-IVS2023/_deps/googletest-src/googletest/src/gtest_main.cc
Note: Google Test filter = EmptyGraph.coloring
[==========] Running 1 test from 1 test suite.
[----------] Global test environment set-up.
[----------] 1 test from EmptyGraph
[ RUN      ] EmptyGraph.coloring
[       OK ] EmptyGraph.coloring (0 ms)
[----------] 1 test from EmptyGraph (0 ms total)

[----------] Global test environment tear-down
[==========] 1 test from 1 test suite ran. (0 ms total)
[  PASSED  ] 1 test.
<end of output>
Test time =   0.00 sec
----------------------------------------------------------
Test Passed.
"EmptyGraph.coloring" end time: Feb 20 19:28 CET
"EmptyGraph.coloring" time elapsed: 00:00:00
----------------------------------------------------------

47/50 Testing: EmptyGraph.clear
47/50 Test: EmptyGraph.clear
Command: "/home/helheim/FIT/FIT-IVS2023/tdd_test" "--gtest_filter=EmptyGraph.clear" "--gtest_also_run_disabled_tests"
Directory: /home/helheim/FIT/FIT-IVS2023
"EmptyGraph.clear" start time: Feb 20 19:28 CET
Output:
----------------------------------------------------------
Running main() from /home/helheim/FIT/FIT-IVS2023/_deps/googletest-src/googletest/src/gtest_main.cc
Note: Google Test filter = EmptyGraph.clear
[==========] Running 1 test from 1 test suite.
[----------] Global test environment set-up.
[----------] 1 test from EmptyGraph
[ RUN      ] EmptyGraph.clear
[       OK ] EmptyGraph.clear (0 ms)
[----------] 1 test from EmptyGraph (0 ms total)

[----------] Global test environment tear-down
[==========] 1 test from 1 test suite ran. (0 ms total)
[  PASSED  ] 1 test.
<end of output>
Test time =   0.00 sec
----------------------------------------------------------
Test Passed.
"EmptyGraph.clear" end time: Feb 20 19:28 CET
"EmptyGraph.clear" time elapsed: 00:00:00
----------------------------------------------------------

48/50 Testing: Edges.equal
48/50 Test: Edges.equal
Command: "/home/helheim/FIT/FIT-IVS2023/tdd_test" "--gtest_filter=Edges.equal" "--gtest_also_run_disabled_tests"
Directory: /home/helheim/FIT/FIT-IVS2023
"Edges.equal" start time: Feb 20 19:28 CET
Output:
----------------------------------------------------------
Running main() from /home/helheim/FIT/FIT-IVS2023/_deps/googletest-src/googletest/src/gtest_main.cc
Note: Google Test filter = Edges.equal
[==========] Running 1 test from 1 test suite.
[----------] Global test environment set-up.
[----------] 1 test from Edges
[ RUN      ] Edges.equal
[       OK ] Edges.equal (0 ms)
[----------] 1 test from Edges (0 ms total)

[----------] Global test environment tear-down
[==========] 1 test from 1 test suite ran. (0 ms total)
[  PASSED  ] 1 test.
<end of output>
Test time =   0.00 sec
----------------------------------------------------------
Test Passed.
"Edges.equal" end time: Feb 20 19:28 CET
"Edges.equal" time elapsed: 00:00:00
----------------------------------------------------------

49/50 Testing: Edges.nonEqual
49/50 Test: Edges.nonEqual
Command: "/home/helheim/FIT/FIT-IVS2023/tdd_test" "--gtest_filter=Edges.nonEqual" "--gtest_also_run_disabled_tests"
Directory: /home/helheim/FIT/FIT-IVS2023
"Edges.nonEqual" start time: Feb 20 19:28 CET
Output:
----------------------------------------------------------
Running main() from /home/helheim/FIT/FIT-IVS2023/_deps/googletest-src/googletest/src/gtest_main.cc
Note: Google Test filter = Edges.nonEqual
[==========] Running 1 test from 1 test suite.
[----------] Global test environment set-up.
[----------] 1 test from Edges
[ RUN      ] Edges.nonEqual
[       OK ] Edges.nonEqual (0 ms)
[----------] 1 test from Edges (0 ms total)

[----------] Global test environment tear-down
[==========] 1 test from 1 test suite ran. (0 ms total)
[  PASSED  ] 1 test.
<end of output>
Test time =   0.00 sec
----------------------------------------------------------
Test Passed.
"Edges.nonEqual" end time: Feb 20 19:28 CET
"Edges.nonEqual" time elapsed: 00:00:00
----------------------------------------------------------

50/50 Testing: Edges.toStringStream
50/50 Test: Edges.toStringStream
Command: "/home/helheim/FIT/FIT-IVS2023/tdd_test" "--gtest_filter=Edges.toStringStream" "--gtest_also_run_disabled_tests"
Directory: /home/helheim/FIT/FIT-IVS2023
"Edges.toStringStream" start time: Feb 20 19:28 CET
Output:
----------------------------------------------------------
Running main() from /home/helheim/FIT/FIT-IVS2023/_deps/googletest-src/googletest/src/gtest_main.cc
Note: Google Test filter = Edges.toStringStream
[==========] Running 1 test from 1 test suite.
[----------] Global test environment set-up.
[----------] 1 test from Edges
[ RUN      ] Edges.toStringStream
[       OK ] Edges.toStringStream (0 ms)
[----------] 1 test from Edges (0 ms total)

[----------] Global test environment tear-down
[==========] 1 test from 1 test suite ran. (0 ms total)
[  PASSED  ] 1 test.
<end of output>
Test time =   0.00 sec
----------------------------------------------------------
Test Passed.
"Edges.toStringStream" end time: Feb 20 19:28 CET
"Edges.toStringStream" time elapsed: 00:00:00
----------------------------------------------------------

End testing: Feb 20 19:28 CET
