Start testing: Feb 22 16:29 CET
----------------------------------------------------------
1/51 Testing: EmptyTree.InsertNode
1/51 Test: EmptyTree.InsertNode
Command: "/home/helheim/FIT/FIT-IVS2023/black_box_test" "--gtest_filter=EmptyTree.InsertNode" "--gtest_also_run_disabled_tests"
Directory: /home/helheim/FIT/FIT-IVS2023
"EmptyTree.InsertNode" start time: Feb 22 16:29 CET
Output:
----------------------------------------------------------
Running main() from /home/helheim/FIT/FIT-IVS2023/_deps/googletest-src/googletest/src/gtest_main.cc
Note: Google Test filter = EmptyTree.InsertNode
[==========] Running 1 test from 1 test suite.
[----------] Global test environment set-up.
[----------] 1 test from EmptyTree
[ RUN      ] EmptyTree.InsertNode
[       OK ] EmptyTree.InsertNode (0 ms)
[----------] 1 test from EmptyTree (0 ms total)

[----------] Global test environment tear-down
[==========] 1 test from 1 test suite ran. (0 ms total)
[  PASSED  ] 1 test.
<end of output>
Test time =   0.01 sec
----------------------------------------------------------
Test Passed.
"EmptyTree.InsertNode" end time: Feb 22 16:29 CET
"EmptyTree.InsertNode" time elapsed: 00:00:00
----------------------------------------------------------

2/51 Testing: EmptyTree.DeleteNode
2/51 Test: EmptyTree.DeleteNode
Command: "/home/helheim/FIT/FIT-IVS2023/black_box_test" "--gtest_filter=EmptyTree.DeleteNode" "--gtest_also_run_disabled_tests"
Directory: /home/helheim/FIT/FIT-IVS2023
"EmptyTree.DeleteNode" start time: Feb 22 16:29 CET
Output:
----------------------------------------------------------
Running main() from /home/helheim/FIT/FIT-IVS2023/_deps/googletest-src/googletest/src/gtest_main.cc
Note: Google Test filter = EmptyTree.DeleteNode
[==========] Running 1 test from 1 test suite.
[----------] Global test environment set-up.
[----------] 1 test from EmptyTree
[ RUN      ] EmptyTree.DeleteNode
[       OK ] EmptyTree.DeleteNode (0 ms)
[----------] 1 test from EmptyTree (0 ms total)

[----------] Global test environment tear-down
[==========] 1 test from 1 test suite ran. (0 ms total)
[  PASSED  ] 1 test.
<end of output>
Test time =   0.01 sec
----------------------------------------------------------
Test Passed.
"EmptyTree.DeleteNode" end time: Feb 22 16:29 CET
"EmptyTree.DeleteNode" time elapsed: 00:00:00
----------------------------------------------------------

3/51 Testing: EmptyTree.FindNode
3/51 Test: EmptyTree.FindNode
Command: "/home/helheim/FIT/FIT-IVS2023/black_box_test" "--gtest_filter=EmptyTree.FindNode" "--gtest_also_run_disabled_tests"
Directory: /home/helheim/FIT/FIT-IVS2023
"EmptyTree.FindNode" start time: Feb 22 16:29 CET
Output:
----------------------------------------------------------
Running main() from /home/helheim/FIT/FIT-IVS2023/_deps/googletest-src/googletest/src/gtest_main.cc
Note: Google Test filter = EmptyTree.FindNode
[==========] Running 1 test from 1 test suite.
[----------] Global test environment set-up.
[----------] 1 test from EmptyTree
[ RUN      ] EmptyTree.FindNode
[       OK ] EmptyTree.FindNode (0 ms)
[----------] 1 test from EmptyTree (0 ms total)

[----------] Global test environment tear-down
[==========] 1 test from 1 test suite ran. (0 ms total)
[  PASSED  ] 1 test.
<end of output>
Test time =   0.00 sec
----------------------------------------------------------
Test Passed.
"EmptyTree.FindNode" end time: Feb 22 16:29 CET
"EmptyTree.FindNode" time elapsed: 00:00:00
----------------------------------------------------------

4/51 Testing: NonEmptyTree.InsertNode
4/51 Test: NonEmptyTree.InsertNode
Command: "/home/helheim/FIT/FIT-IVS2023/black_box_test" "--gtest_filter=NonEmptyTree.InsertNode" "--gtest_also_run_disabled_tests"
Directory: /home/helheim/FIT/FIT-IVS2023
"NonEmptyTree.InsertNode" start time: Feb 22 16:29 CET
Output:
----------------------------------------------------------
Running main() from /home/helheim/FIT/FIT-IVS2023/_deps/googletest-src/googletest/src/gtest_main.cc
Note: Google Test filter = NonEmptyTree.InsertNode
[==========] Running 1 test from 1 test suite.
[----------] Global test environment set-up.
[----------] 1 test from NonEmptyTree
[ RUN      ] NonEmptyTree.InsertNode
[       OK ] NonEmptyTree.InsertNode (0 ms)
[----------] 1 test from NonEmptyTree (0 ms total)

[----------] Global test environment tear-down
[==========] 1 test from 1 test suite ran. (0 ms total)
[  PASSED  ] 1 test.
<end of output>
Test time =   0.00 sec
----------------------------------------------------------
Test Passed.
"NonEmptyTree.InsertNode" end time: Feb 22 16:29 CET
"NonEmptyTree.InsertNode" time elapsed: 00:00:00
----------------------------------------------------------

5/51 Testing: NonEmptyTree.DeleteNode
5/51 Test: NonEmptyTree.DeleteNode
Command: "/home/helheim/FIT/FIT-IVS2023/black_box_test" "--gtest_filter=NonEmptyTree.DeleteNode" "--gtest_also_run_disabled_tests"
Directory: /home/helheim/FIT/FIT-IVS2023
"NonEmptyTree.DeleteNode" start time: Feb 22 16:29 CET
Output:
----------------------------------------------------------
Running main() from /home/helheim/FIT/FIT-IVS2023/_deps/googletest-src/googletest/src/gtest_main.cc
Note: Google Test filter = NonEmptyTree.DeleteNode
[==========] Running 1 test from 1 test suite.
[----------] Global test environment set-up.
[----------] 1 test from NonEmptyTree
[ RUN      ] NonEmptyTree.DeleteNode
[       OK ] NonEmptyTree.DeleteNode (0 ms)
[----------] 1 test from NonEmptyTree (0 ms total)

[----------] Global test environment tear-down
[==========] 1 test from 1 test suite ran. (0 ms total)
[  PASSED  ] 1 test.
<end of output>
Test time =   0.00 sec
----------------------------------------------------------
Test Passed.
"NonEmptyTree.DeleteNode" end time: Feb 22 16:29 CET
"NonEmptyTree.DeleteNode" time elapsed: 00:00:00
----------------------------------------------------------

6/51 Testing: NonEmptyTree.FindNode
6/51 Test: NonEmptyTree.FindNode
Command: "/home/helheim/FIT/FIT-IVS2023/black_box_test" "--gtest_filter=NonEmptyTree.FindNode" "--gtest_also_run_disabled_tests"
Directory: /home/helheim/FIT/FIT-IVS2023
"NonEmptyTree.FindNode" start time: Feb 22 16:29 CET
Output:
----------------------------------------------------------
Running main() from /home/helheim/FIT/FIT-IVS2023/_deps/googletest-src/googletest/src/gtest_main.cc
Note: Google Test filter = NonEmptyTree.FindNode
[==========] Running 1 test from 1 test suite.
[----------] Global test environment set-up.
[----------] 1 test from NonEmptyTree
[ RUN      ] NonEmptyTree.FindNode
[       OK ] NonEmptyTree.FindNode (0 ms)
[----------] 1 test from NonEmptyTree (0 ms total)

[----------] Global test environment tear-down
[==========] 1 test from 1 test suite ran. (0 ms total)
[  PASSED  ] 1 test.
<end of output>
Test time =   0.00 sec
----------------------------------------------------------
Test Passed.
"NonEmptyTree.FindNode" end time: Feb 22 16:29 CET
"NonEmptyTree.FindNode" time elapsed: 00:00:00
----------------------------------------------------------

7/51 Testing: TreeAxioms.Axiom1
7/51 Test: TreeAxioms.Axiom1
Command: "/home/helheim/FIT/FIT-IVS2023/black_box_test" "--gtest_filter=TreeAxioms.Axiom1" "--gtest_also_run_disabled_tests"
Directory: /home/helheim/FIT/FIT-IVS2023
"TreeAxioms.Axiom1" start time: Feb 22 16:29 CET
Output:
----------------------------------------------------------
Running main() from /home/helheim/FIT/FIT-IVS2023/_deps/googletest-src/googletest/src/gtest_main.cc
Note: Google Test filter = TreeAxioms.Axiom1
[==========] Running 1 test from 1 test suite.
[----------] Global test environment set-up.
[----------] 1 test from TreeAxioms
[ RUN      ] TreeAxioms.Axiom1
[       OK ] TreeAxioms.Axiom1 (0 ms)
[----------] 1 test from TreeAxioms (0 ms total)

[----------] Global test environment tear-down
[==========] 1 test from 1 test suite ran. (0 ms total)
[  PASSED  ] 1 test.
<end of output>
Test time =   0.00 sec
----------------------------------------------------------
Test Passed.
"TreeAxioms.Axiom1" end time: Feb 22 16:29 CET
"TreeAxioms.Axiom1" time elapsed: 00:00:00
----------------------------------------------------------

8/51 Testing: TreeAxioms.Axiom2
8/51 Test: TreeAxioms.Axiom2
Command: "/home/helheim/FIT/FIT-IVS2023/black_box_test" "--gtest_filter=TreeAxioms.Axiom2" "--gtest_also_run_disabled_tests"
Directory: /home/helheim/FIT/FIT-IVS2023
"TreeAxioms.Axiom2" start time: Feb 22 16:29 CET
Output:
----------------------------------------------------------
Running main() from /home/helheim/FIT/FIT-IVS2023/_deps/googletest-src/googletest/src/gtest_main.cc
Note: Google Test filter = TreeAxioms.Axiom2
[==========] Running 1 test from 1 test suite.
[----------] Global test environment set-up.
[----------] 1 test from TreeAxioms
[ RUN      ] TreeAxioms.Axiom2
[       OK ] TreeAxioms.Axiom2 (0 ms)
[----------] 1 test from TreeAxioms (0 ms total)

[----------] Global test environment tear-down
[==========] 1 test from 1 test suite ran. (0 ms total)
[  PASSED  ] 1 test.
<end of output>
Test time =   0.00 sec
----------------------------------------------------------
Test Passed.
"TreeAxioms.Axiom2" end time: Feb 22 16:29 CET
"TreeAxioms.Axiom2" time elapsed: 00:00:00
----------------------------------------------------------

9/51 Testing: TreeAxioms.Axiom3
9/51 Test: TreeAxioms.Axiom3
Command: "/home/helheim/FIT/FIT-IVS2023/black_box_test" "--gtest_filter=TreeAxioms.Axiom3" "--gtest_also_run_disabled_tests"
Directory: /home/helheim/FIT/FIT-IVS2023
"TreeAxioms.Axiom3" start time: Feb 22 16:29 CET
Output:
----------------------------------------------------------
Running main() from /home/helheim/FIT/FIT-IVS2023/_deps/googletest-src/googletest/src/gtest_main.cc
Note: Google Test filter = TreeAxioms.Axiom3
[==========] Running 1 test from 1 test suite.
[----------] Global test environment set-up.
[----------] 1 test from TreeAxioms
[ RUN      ] TreeAxioms.Axiom3
[       OK ] TreeAxioms.Axiom3 (0 ms)
[----------] 1 test from TreeAxioms (0 ms total)

[----------] Global test environment tear-down
[==========] 1 test from 1 test suite ran. (0 ms total)
[  PASSED  ] 1 test.
<end of output>
Test time =   0.00 sec
----------------------------------------------------------
Test Passed.
"TreeAxioms.Axiom3" end time: Feb 22 16:29 CET
"TreeAxioms.Axiom3" time elapsed: 00:00:00
----------------------------------------------------------

10/51 Testing: HashMap.Ctor
10/51 Test: HashMap.Ctor
Command: "/home/helheim/FIT/FIT-IVS2023/white_box_test" "--gtest_filter=HashMap.Ctor" "--gtest_also_run_disabled_tests"
Directory: /home/helheim/FIT/FIT-IVS2023
"HashMap.Ctor" start time: Feb 22 16:29 CET
Output:
----------------------------------------------------------
Running main() from /home/helheim/FIT/FIT-IVS2023/_deps/googletest-src/googletest/src/gtest_main.cc
Note: Google Test filter = HashMap.Ctor
[==========] Running 1 test from 1 test suite.
[----------] Global test environment set-up.
[----------] 1 test from HashMap
[ RUN      ] HashMap.Ctor
[       OK ] HashMap.Ctor (0 ms)
[----------] 1 test from HashMap (0 ms total)

[----------] Global test environment tear-down
[==========] 1 test from 1 test suite ran. (0 ms total)
[  PASSED  ] 1 test.
<end of output>
Test time =   0.01 sec
----------------------------------------------------------
Test Passed.
"HashMap.Ctor" end time: Feb 22 16:29 CET
"HashMap.Ctor" time elapsed: 00:00:00
----------------------------------------------------------

11/51 Testing: HashMap.Reserved
11/51 Test: HashMap.Reserved
Command: "/home/helheim/FIT/FIT-IVS2023/white_box_test" "--gtest_filter=HashMap.Reserved" "--gtest_also_run_disabled_tests"
Directory: /home/helheim/FIT/FIT-IVS2023
"HashMap.Reserved" start time: Feb 22 16:29 CET
Output:
----------------------------------------------------------
Running main() from /home/helheim/FIT/FIT-IVS2023/_deps/googletest-src/googletest/src/gtest_main.cc
Note: Google Test filter = HashMap.Reserved
[==========] Running 1 test from 1 test suite.
[----------] Global test environment set-up.
[----------] 1 test from HashMap
[ RUN      ] HashMap.Reserved
[       OK ] HashMap.Reserved (0 ms)
[----------] 1 test from HashMap (0 ms total)

[----------] Global test environment tear-down
[==========] 1 test from 1 test suite ran. (0 ms total)
[  PASSED  ] 1 test.
<end of output>
Test time =   0.00 sec
----------------------------------------------------------
Test Passed.
"HashMap.Reserved" end time: Feb 22 16:29 CET
"HashMap.Reserved" time elapsed: 00:00:00
----------------------------------------------------------

12/51 Testing: HashMap.Put
12/51 Test: HashMap.Put
Command: "/home/helheim/FIT/FIT-IVS2023/white_box_test" "--gtest_filter=HashMap.Put" "--gtest_also_run_disabled_tests"
Directory: /home/helheim/FIT/FIT-IVS2023
"HashMap.Put" start time: Feb 22 16:29 CET
Output:
----------------------------------------------------------
Running main() from /home/helheim/FIT/FIT-IVS2023/_deps/googletest-src/googletest/src/gtest_main.cc
Note: Google Test filter = HashMap.Put
[==========] Running 1 test from 1 test suite.
[----------] Global test environment set-up.
[----------] 1 test from HashMap
[ RUN      ] HashMap.Put
[       OK ] HashMap.Put (0 ms)
[----------] 1 test from HashMap (0 ms total)

[----------] Global test environment tear-down
[==========] 1 test from 1 test suite ran. (0 ms total)
[  PASSED  ] 1 test.
<end of output>
Test time =   0.00 sec
----------------------------------------------------------
Test Passed.
"HashMap.Put" end time: Feb 22 16:29 CET
"HashMap.Put" time elapsed: 00:00:00
----------------------------------------------------------

13/51 Testing: HashMap.Size
13/51 Test: HashMap.Size
Command: "/home/helheim/FIT/FIT-IVS2023/white_box_test" "--gtest_filter=HashMap.Size" "--gtest_also_run_disabled_tests"
Directory: /home/helheim/FIT/FIT-IVS2023
"HashMap.Size" start time: Feb 22 16:29 CET
Output:
----------------------------------------------------------
Running main() from /home/helheim/FIT/FIT-IVS2023/_deps/googletest-src/googletest/src/gtest_main.cc
Note: Google Test filter = HashMap.Size
[==========] Running 1 test from 1 test suite.
[----------] Global test environment set-up.
[----------] 1 test from HashMap
[ RUN      ] HashMap.Size
[       OK ] HashMap.Size (0 ms)
[----------] 1 test from HashMap (0 ms total)

[----------] Global test environment tear-down
[==========] 1 test from 1 test suite ran. (0 ms total)
[  PASSED  ] 1 test.
<end of output>
Test time =   0.00 sec
----------------------------------------------------------
Test Passed.
"HashMap.Size" end time: Feb 22 16:29 CET
"HashMap.Size" time elapsed: 00:00:00
----------------------------------------------------------

14/51 Testing: HashMap.Capacity
14/51 Test: HashMap.Capacity
Command: "/home/helheim/FIT/FIT-IVS2023/white_box_test" "--gtest_filter=HashMap.Capacity" "--gtest_also_run_disabled_tests"
Directory: /home/helheim/FIT/FIT-IVS2023
"HashMap.Capacity" start time: Feb 22 16:29 CET
Output:
----------------------------------------------------------
Running main() from /home/helheim/FIT/FIT-IVS2023/_deps/googletest-src/googletest/src/gtest_main.cc
Note: Google Test filter = HashMap.Capacity
[==========] Running 1 test from 1 test suite.
[----------] Global test environment set-up.
[----------] 1 test from HashMap
[ RUN      ] HashMap.Capacity
[       OK ] HashMap.Capacity (0 ms)
[----------] 1 test from HashMap (0 ms total)

[----------] Global test environment tear-down
[==========] 1 test from 1 test suite ran. (0 ms total)
[  PASSED  ] 1 test.
<end of output>
Test time =   0.00 sec
----------------------------------------------------------
Test Passed.
"HashMap.Capacity" end time: Feb 22 16:29 CET
"HashMap.Capacity" time elapsed: 00:00:00
----------------------------------------------------------

15/51 Testing: HashMap.Contains
15/51 Test: HashMap.Contains
Command: "/home/helheim/FIT/FIT-IVS2023/white_box_test" "--gtest_filter=HashMap.Contains" "--gtest_also_run_disabled_tests"
Directory: /home/helheim/FIT/FIT-IVS2023
"HashMap.Contains" start time: Feb 22 16:29 CET
Output:
----------------------------------------------------------
Running main() from /home/helheim/FIT/FIT-IVS2023/_deps/googletest-src/googletest/src/gtest_main.cc
Note: Google Test filter = HashMap.Contains
[==========] Running 1 test from 1 test suite.
[----------] Global test environment set-up.
[----------] 1 test from HashMap
[ RUN      ] HashMap.Contains
[       OK ] HashMap.Contains (0 ms)
[----------] 1 test from HashMap (0 ms total)

[----------] Global test environment tear-down
[==========] 1 test from 1 test suite ran. (0 ms total)
[  PASSED  ] 1 test.
<end of output>
Test time =   0.00 sec
----------------------------------------------------------
Test Passed.
"HashMap.Contains" end time: Feb 22 16:29 CET
"HashMap.Contains" time elapsed: 00:00:00
----------------------------------------------------------

16/51 Testing: HashMap.Get
16/51 Test: HashMap.Get
Command: "/home/helheim/FIT/FIT-IVS2023/white_box_test" "--gtest_filter=HashMap.Get" "--gtest_also_run_disabled_tests"
Directory: /home/helheim/FIT/FIT-IVS2023
"HashMap.Get" start time: Feb 22 16:29 CET
Output:
----------------------------------------------------------
Running main() from /home/helheim/FIT/FIT-IVS2023/_deps/googletest-src/googletest/src/gtest_main.cc
Note: Google Test filter = HashMap.Get
[==========] Running 1 test from 1 test suite.
[----------] Global test environment set-up.
[----------] 1 test from HashMap
[ RUN      ] HashMap.Get
[       OK ] HashMap.Get (0 ms)
[----------] 1 test from HashMap (0 ms total)

[----------] Global test environment tear-down
[==========] 1 test from 1 test suite ran. (0 ms total)
[  PASSED  ] 1 test.
<end of output>
Test time =   0.00 sec
----------------------------------------------------------
Test Passed.
"HashMap.Get" end time: Feb 22 16:29 CET
"HashMap.Get" time elapsed: 00:00:00
----------------------------------------------------------

17/51 Testing: HashMap.Pop
17/51 Test: HashMap.Pop
Command: "/home/helheim/FIT/FIT-IVS2023/white_box_test" "--gtest_filter=HashMap.Pop" "--gtest_also_run_disabled_tests"
Directory: /home/helheim/FIT/FIT-IVS2023
"HashMap.Pop" start time: Feb 22 16:29 CET
Output:
----------------------------------------------------------
Running main() from /home/helheim/FIT/FIT-IVS2023/_deps/googletest-src/googletest/src/gtest_main.cc
Note: Google Test filter = HashMap.Pop
[==========] Running 1 test from 1 test suite.
[----------] Global test environment set-up.
[----------] 1 test from HashMap
[ RUN      ] HashMap.Pop
[       OK ] HashMap.Pop (0 ms)
[----------] 1 test from HashMap (0 ms total)

[----------] Global test environment tear-down
[==========] 1 test from 1 test suite ran. (0 ms total)
[  PASSED  ] 1 test.
<end of output>
Test time =   0.00 sec
----------------------------------------------------------
Test Passed.
"HashMap.Pop" end time: Feb 22 16:29 CET
"HashMap.Pop" time elapsed: 00:00:00
----------------------------------------------------------

18/51 Testing: HashMap.Remove
18/51 Test: HashMap.Remove
Command: "/home/helheim/FIT/FIT-IVS2023/white_box_test" "--gtest_filter=HashMap.Remove" "--gtest_also_run_disabled_tests"
Directory: /home/helheim/FIT/FIT-IVS2023
"HashMap.Remove" start time: Feb 22 16:29 CET
Output:
----------------------------------------------------------
Running main() from /home/helheim/FIT/FIT-IVS2023/_deps/googletest-src/googletest/src/gtest_main.cc
Note: Google Test filter = HashMap.Remove
[==========] Running 1 test from 1 test suite.
[----------] Global test environment set-up.
[----------] 1 test from HashMap
[ RUN      ] HashMap.Remove
[       OK ] HashMap.Remove (0 ms)
[----------] 1 test from HashMap (0 ms total)

[----------] Global test environment tear-down
[==========] 1 test from 1 test suite ran. (0 ms total)
[  PASSED  ] 1 test.
<end of output>
Test time =   0.00 sec
----------------------------------------------------------
Test Passed.
"HashMap.Remove" end time: Feb 22 16:29 CET
"HashMap.Remove" time elapsed: 00:00:00
----------------------------------------------------------

19/51 Testing: NonEmptyGraph.nodes
19/51 Test: NonEmptyGraph.nodes
Command: "/home/helheim/FIT/FIT-IVS2023/tdd_test" "--gtest_filter=NonEmptyGraph.nodes" "--gtest_also_run_disabled_tests"
Directory: /home/helheim/FIT/FIT-IVS2023
"NonEmptyGraph.nodes" start time: Feb 22 16:29 CET
Output:
----------------------------------------------------------
Running main() from /home/helheim/FIT/FIT-IVS2023/_deps/googletest-src/googletest/src/gtest_main.cc
Note: Google Test filter = NonEmptyGraph.nodes
[==========] Running 1 test from 1 test suite.
[----------] Global test environment set-up.
[----------] 1 test from NonEmptyGraph
[ RUN      ] NonEmptyGraph.nodes
[       OK ] NonEmptyGraph.nodes (0 ms)
[----------] 1 test from NonEmptyGraph (0 ms total)

[----------] Global test environment tear-down
[==========] 1 test from 1 test suite ran. (0 ms total)
[  PASSED  ] 1 test.
<end of output>
Test time =   0.00 sec
----------------------------------------------------------
Test Passed.
"NonEmptyGraph.nodes" end time: Feb 22 16:29 CET
"NonEmptyGraph.nodes" time elapsed: 00:00:00
----------------------------------------------------------

20/51 Testing: NonEmptyGraph.edges
20/51 Test: NonEmptyGraph.edges
Command: "/home/helheim/FIT/FIT-IVS2023/tdd_test" "--gtest_filter=NonEmptyGraph.edges" "--gtest_also_run_disabled_tests"
Directory: /home/helheim/FIT/FIT-IVS2023
"NonEmptyGraph.edges" start time: Feb 22 16:29 CET
Output:
----------------------------------------------------------
Running main() from /home/helheim/FIT/FIT-IVS2023/_deps/googletest-src/googletest/src/gtest_main.cc
Note: Google Test filter = NonEmptyGraph.edges
[==========] Running 1 test from 1 test suite.
[----------] Global test environment set-up.
[----------] 1 test from NonEmptyGraph
[ RUN      ] NonEmptyGraph.edges
[       OK ] NonEmptyGraph.edges (0 ms)
[----------] 1 test from NonEmptyGraph (0 ms total)

[----------] Global test environment tear-down
[==========] 1 test from 1 test suite ran. (0 ms total)
[  PASSED  ] 1 test.
<end of output>
Test time =   0.00 sec
----------------------------------------------------------
Test Passed.
"NonEmptyGraph.edges" end time: Feb 22 16:29 CET
"NonEmptyGraph.edges" time elapsed: 00:00:00
----------------------------------------------------------

21/51 Testing: NonEmptyGraph.addNode
21/51 Test: NonEmptyGraph.addNode
Command: "/home/helheim/FIT/FIT-IVS2023/tdd_test" "--gtest_filter=NonEmptyGraph.addNode" "--gtest_also_run_disabled_tests"
Directory: /home/helheim/FIT/FIT-IVS2023
"NonEmptyGraph.addNode" start time: Feb 22 16:29 CET
Output:
----------------------------------------------------------
Running main() from /home/helheim/FIT/FIT-IVS2023/_deps/googletest-src/googletest/src/gtest_main.cc
Note: Google Test filter = NonEmptyGraph.addNode
[==========] Running 1 test from 1 test suite.
[----------] Global test environment set-up.
[----------] 1 test from NonEmptyGraph
[ RUN      ] NonEmptyGraph.addNode
[       OK ] NonEmptyGraph.addNode (0 ms)
[----------] 1 test from NonEmptyGraph (0 ms total)

[----------] Global test environment tear-down
[==========] 1 test from 1 test suite ran. (0 ms total)
[  PASSED  ] 1 test.
<end of output>
Test time =   0.00 sec
----------------------------------------------------------
Test Passed.
"NonEmptyGraph.addNode" end time: Feb 22 16:29 CET
"NonEmptyGraph.addNode" time elapsed: 00:00:00
----------------------------------------------------------

22/51 Testing: NonEmptyGraph.addEdge
22/51 Test: NonEmptyGraph.addEdge
Command: "/home/helheim/FIT/FIT-IVS2023/tdd_test" "--gtest_filter=NonEmptyGraph.addEdge" "--gtest_also_run_disabled_tests"
Directory: /home/helheim/FIT/FIT-IVS2023
"NonEmptyGraph.addEdge" start time: Feb 22 16:29 CET
Output:
----------------------------------------------------------
Running main() from /home/helheim/FIT/FIT-IVS2023/_deps/googletest-src/googletest/src/gtest_main.cc
Note: Google Test filter = NonEmptyGraph.addEdge
[==========] Running 1 test from 1 test suite.
[----------] Global test environment set-up.
[----------] 1 test from NonEmptyGraph
[ RUN      ] NonEmptyGraph.addEdge
[       OK ] NonEmptyGraph.addEdge (0 ms)
[----------] 1 test from NonEmptyGraph (0 ms total)

[----------] Global test environment tear-down
[==========] 1 test from 1 test suite ran. (0 ms total)
[  PASSED  ] 1 test.
<end of output>
Test time =   0.00 sec
----------------------------------------------------------
Test Passed.
"NonEmptyGraph.addEdge" end time: Feb 22 16:29 CET
"NonEmptyGraph.addEdge" time elapsed: 00:00:00
----------------------------------------------------------

23/51 Testing: NonEmptyGraph.addMultipleEdges
23/51 Test: NonEmptyGraph.addMultipleEdges
Command: "/home/helheim/FIT/FIT-IVS2023/tdd_test" "--gtest_filter=NonEmptyGraph.addMultipleEdges" "--gtest_also_run_disabled_tests"
Directory: /home/helheim/FIT/FIT-IVS2023
"NonEmptyGraph.addMultipleEdges" start time: Feb 22 16:29 CET
Output:
----------------------------------------------------------
Running main() from /home/helheim/FIT/FIT-IVS2023/_deps/googletest-src/googletest/src/gtest_main.cc
Note: Google Test filter = NonEmptyGraph.addMultipleEdges
[==========] Running 1 test from 1 test suite.
[----------] Global test environment set-up.
[----------] 1 test from NonEmptyGraph
[ RUN      ] NonEmptyGraph.addMultipleEdges
[       OK ] NonEmptyGraph.addMultipleEdges (0 ms)
[----------] 1 test from NonEmptyGraph (0 ms total)

[----------] Global test environment tear-down
[==========] 1 test from 1 test suite ran. (0 ms total)
[  PASSED  ] 1 test.
<end of output>
Test time =   0.00 sec
----------------------------------------------------------
Test Passed.
"NonEmptyGraph.addMultipleEdges" end time: Feb 22 16:29 CET
"NonEmptyGraph.addMultipleEdges" time elapsed: 00:00:00
----------------------------------------------------------

24/51 Testing: NonEmptyGraph.getNode
24/51 Test: NonEmptyGraph.getNode
Command: "/home/helheim/FIT/FIT-IVS2023/tdd_test" "--gtest_filter=NonEmptyGraph.getNode" "--gtest_also_run_disabled_tests"
Directory: /home/helheim/FIT/FIT-IVS2023
"NonEmptyGraph.getNode" start time: Feb 22 16:29 CET
Output:
----------------------------------------------------------
Running main() from /home/helheim/FIT/FIT-IVS2023/_deps/googletest-src/googletest/src/gtest_main.cc
Note: Google Test filter = NonEmptyGraph.getNode
[==========] Running 1 test from 1 test suite.
[----------] Global test environment set-up.
[----------] 1 test from NonEmptyGraph
[ RUN      ] NonEmptyGraph.getNode
[       OK ] NonEmptyGraph.getNode (0 ms)
[----------] 1 test from NonEmptyGraph (0 ms total)

[----------] Global test environment tear-down
[==========] 1 test from 1 test suite ran. (0 ms total)
[  PASSED  ] 1 test.
<end of output>
Test time =   0.00 sec
----------------------------------------------------------
Test Passed.
"NonEmptyGraph.getNode" end time: Feb 22 16:29 CET
"NonEmptyGraph.getNode" time elapsed: 00:00:00
----------------------------------------------------------

25/51 Testing: NonEmptyGraph.containsEdge
25/51 Test: NonEmptyGraph.containsEdge
Command: "/home/helheim/FIT/FIT-IVS2023/tdd_test" "--gtest_filter=NonEmptyGraph.containsEdge" "--gtest_also_run_disabled_tests"
Directory: /home/helheim/FIT/FIT-IVS2023
"NonEmptyGraph.containsEdge" start time: Feb 22 16:29 CET
Output:
----------------------------------------------------------
Running main() from /home/helheim/FIT/FIT-IVS2023/_deps/googletest-src/googletest/src/gtest_main.cc
Note: Google Test filter = NonEmptyGraph.containsEdge
[==========] Running 1 test from 1 test suite.
[----------] Global test environment set-up.
[----------] 1 test from NonEmptyGraph
[ RUN      ] NonEmptyGraph.containsEdge
[       OK ] NonEmptyGraph.containsEdge (0 ms)
[----------] 1 test from NonEmptyGraph (0 ms total)

[----------] Global test environment tear-down
[==========] 1 test from 1 test suite ran. (0 ms total)
[  PASSED  ] 1 test.
<end of output>
Test time =   0.00 sec
----------------------------------------------------------
Test Passed.
"NonEmptyGraph.containsEdge" end time: Feb 22 16:29 CET
"NonEmptyGraph.containsEdge" time elapsed: 00:00:00
----------------------------------------------------------

26/51 Testing: NonEmptyGraph.removeNode
26/51 Test: NonEmptyGraph.removeNode
Command: "/home/helheim/FIT/FIT-IVS2023/tdd_test" "--gtest_filter=NonEmptyGraph.removeNode" "--gtest_also_run_disabled_tests"
Directory: /home/helheim/FIT/FIT-IVS2023
"NonEmptyGraph.removeNode" start time: Feb 22 16:29 CET
Output:
----------------------------------------------------------
Running main() from /home/helheim/FIT/FIT-IVS2023/_deps/googletest-src/googletest/src/gtest_main.cc
Note: Google Test filter = NonEmptyGraph.removeNode
[==========] Running 1 test from 1 test suite.
[----------] Global test environment set-up.
[----------] 1 test from NonEmptyGraph
[ RUN      ] NonEmptyGraph.removeNode
[       OK ] NonEmptyGraph.removeNode (0 ms)
[----------] 1 test from NonEmptyGraph (0 ms total)

[----------] Global test environment tear-down
[==========] 1 test from 1 test suite ran. (0 ms total)
[  PASSED  ] 1 test.
<end of output>
Test time =   0.00 sec
----------------------------------------------------------
Test Passed.
"NonEmptyGraph.removeNode" end time: Feb 22 16:29 CET
"NonEmptyGraph.removeNode" time elapsed: 00:00:00
----------------------------------------------------------

27/51 Testing: NonEmptyGraph.removeEdge
27/51 Test: NonEmptyGraph.removeEdge
Command: "/home/helheim/FIT/FIT-IVS2023/tdd_test" "--gtest_filter=NonEmptyGraph.removeEdge" "--gtest_also_run_disabled_tests"
Directory: /home/helheim/FIT/FIT-IVS2023
"NonEmptyGraph.removeEdge" start time: Feb 22 16:29 CET
Output:
----------------------------------------------------------
Running main() from /home/helheim/FIT/FIT-IVS2023/_deps/googletest-src/googletest/src/gtest_main.cc
Note: Google Test filter = NonEmptyGraph.removeEdge
[==========] Running 1 test from 1 test suite.
[----------] Global test environment set-up.
[----------] 1 test from NonEmptyGraph
[ RUN      ] NonEmptyGraph.removeEdge
[       OK ] NonEmptyGraph.removeEdge (0 ms)
[----------] 1 test from NonEmptyGraph (0 ms total)

[----------] Global test environment tear-down
[==========] 1 test from 1 test suite ran. (0 ms total)
[  PASSED  ] 1 test.
<end of output>
Test time =   0.00 sec
----------------------------------------------------------
Test Passed.
"NonEmptyGraph.removeEdge" end time: Feb 22 16:29 CET
"NonEmptyGraph.removeEdge" time elapsed: 00:00:00
----------------------------------------------------------

28/51 Testing: NonEmptyGraph.nodeCount
28/51 Test: NonEmptyGraph.nodeCount
Command: "/home/helheim/FIT/FIT-IVS2023/tdd_test" "--gtest_filter=NonEmptyGraph.nodeCount" "--gtest_also_run_disabled_tests"
Directory: /home/helheim/FIT/FIT-IVS2023
"NonEmptyGraph.nodeCount" start time: Feb 22 16:29 CET
Output:
----------------------------------------------------------
Running main() from /home/helheim/FIT/FIT-IVS2023/_deps/googletest-src/googletest/src/gtest_main.cc
Note: Google Test filter = NonEmptyGraph.nodeCount
[==========] Running 1 test from 1 test suite.
[----------] Global test environment set-up.
[----------] 1 test from NonEmptyGraph
[ RUN      ] NonEmptyGraph.nodeCount
[       OK ] NonEmptyGraph.nodeCount (0 ms)
[----------] 1 test from NonEmptyGraph (0 ms total)

[----------] Global test environment tear-down
[==========] 1 test from 1 test suite ran. (0 ms total)
[  PASSED  ] 1 test.
<end of output>
Test time =   0.00 sec
----------------------------------------------------------
Test Passed.
"NonEmptyGraph.nodeCount" end time: Feb 22 16:29 CET
"NonEmptyGraph.nodeCount" time elapsed: 00:00:00
----------------------------------------------------------

29/51 Testing: NonEmptyGraph.edgeCount
29/51 Test: NonEmptyGraph.edgeCount
Command: "/home/helheim/FIT/FIT-IVS2023/tdd_test" "--gtest_filter=NonEmptyGraph.edgeCount" "--gtest_also_run_disabled_tests"
Directory: /home/helheim/FIT/FIT-IVS2023
"NonEmptyGraph.edgeCount" start time: Feb 22 16:29 CET
Output:
----------------------------------------------------------
Running main() from /home/helheim/FIT/FIT-IVS2023/_deps/googletest-src/googletest/src/gtest_main.cc
Note: Google Test filter = NonEmptyGraph.edgeCount
[==========] Running 1 test from 1 test suite.
[----------] Global test environment set-up.
[----------] 1 test from NonEmptyGraph
[ RUN      ] NonEmptyGraph.edgeCount
[       OK ] NonEmptyGraph.edgeCount (0 ms)
[----------] 1 test from NonEmptyGraph (0 ms total)

[----------] Global test environment tear-down
[==========] 1 test from 1 test suite ran. (0 ms total)
[  PASSED  ] 1 test.
<end of output>
Test time =   0.00 sec
----------------------------------------------------------
Test Passed.
"NonEmptyGraph.edgeCount" end time: Feb 22 16:29 CET
"NonEmptyGraph.edgeCount" time elapsed: 00:00:00
----------------------------------------------------------

30/51 Testing: NonEmptyGraph.nodeDegree
30/51 Test: NonEmptyGraph.nodeDegree
Command: "/home/helheim/FIT/FIT-IVS2023/tdd_test" "--gtest_filter=NonEmptyGraph.nodeDegree" "--gtest_also_run_disabled_tests"
Directory: /home/helheim/FIT/FIT-IVS2023
"NonEmptyGraph.nodeDegree" start time: Feb 22 16:29 CET
Output:
----------------------------------------------------------
Running main() from /home/helheim/FIT/FIT-IVS2023/_deps/googletest-src/googletest/src/gtest_main.cc
Note: Google Test filter = NonEmptyGraph.nodeDegree
[==========] Running 1 test from 1 test suite.
[----------] Global test environment set-up.
[----------] 1 test from NonEmptyGraph
[ RUN      ] NonEmptyGraph.nodeDegree
[       OK ] NonEmptyGraph.nodeDegree (0 ms)
[----------] 1 test from NonEmptyGraph (0 ms total)

[----------] Global test environment tear-down
[==========] 1 test from 1 test suite ran. (0 ms total)
[  PASSED  ] 1 test.
<end of output>
Test time =   0.00 sec
----------------------------------------------------------
Test Passed.
"NonEmptyGraph.nodeDegree" end time: Feb 22 16:29 CET
"NonEmptyGraph.nodeDegree" time elapsed: 00:00:00
----------------------------------------------------------

31/51 Testing: NonEmptyGraph.graphDegree
31/51 Test: NonEmptyGraph.graphDegree
Command: "/home/helheim/FIT/FIT-IVS2023/tdd_test" "--gtest_filter=NonEmptyGraph.graphDegree" "--gtest_also_run_disabled_tests"
Directory: /home/helheim/FIT/FIT-IVS2023
"NonEmptyGraph.graphDegree" start time: Feb 22 16:29 CET
Output:
----------------------------------------------------------
Running main() from /home/helheim/FIT/FIT-IVS2023/_deps/googletest-src/googletest/src/gtest_main.cc
Note: Google Test filter = NonEmptyGraph.graphDegree
[==========] Running 1 test from 1 test suite.
[----------] Global test environment set-up.
[----------] 1 test from NonEmptyGraph
[ RUN      ] NonEmptyGraph.graphDegree
[       OK ] NonEmptyGraph.graphDegree (0 ms)
[----------] 1 test from NonEmptyGraph (0 ms total)

[----------] Global test environment tear-down
[==========] 1 test from 1 test suite ran. (0 ms total)
[  PASSED  ] 1 test.
<end of output>
Test time =   0.00 sec
----------------------------------------------------------
Test Passed.
"NonEmptyGraph.graphDegree" end time: Feb 22 16:29 CET
"NonEmptyGraph.graphDegree" time elapsed: 00:00:00
----------------------------------------------------------

32/51 Testing: NonEmptyGraph.coloring
32/51 Test: NonEmptyGraph.coloring
Command: "/home/helheim/FIT/FIT-IVS2023/tdd_test" "--gtest_filter=NonEmptyGraph.coloring" "--gtest_also_run_disabled_tests"
Directory: /home/helheim/FIT/FIT-IVS2023
"NonEmptyGraph.coloring" start time: Feb 22 16:29 CET
Output:
----------------------------------------------------------
Running main() from /home/helheim/FIT/FIT-IVS2023/_deps/googletest-src/googletest/src/gtest_main.cc
Note: Google Test filter = NonEmptyGraph.coloring
[==========] Running 1 test from 1 test suite.
[----------] Global test environment set-up.
[----------] 1 test from NonEmptyGraph
[ RUN      ] NonEmptyGraph.coloring
[       OK ] NonEmptyGraph.coloring (0 ms)
[----------] 1 test from NonEmptyGraph (0 ms total)

[----------] Global test environment tear-down
[==========] 1 test from 1 test suite ran. (0 ms total)
[  PASSED  ] 1 test.
<end of output>
Test time =   0.00 sec
----------------------------------------------------------
Test Passed.
"NonEmptyGraph.coloring" end time: Feb 22 16:29 CET
"NonEmptyGraph.coloring" time elapsed: 00:00:00
----------------------------------------------------------

33/51 Testing: NonEmptyGraph.clear
33/51 Test: NonEmptyGraph.clear
Command: "/home/helheim/FIT/FIT-IVS2023/tdd_test" "--gtest_filter=NonEmptyGraph.clear" "--gtest_also_run_disabled_tests"
Directory: /home/helheim/FIT/FIT-IVS2023
"NonEmptyGraph.clear" start time: Feb 22 16:29 CET
Output:
----------------------------------------------------------
Running main() from /home/helheim/FIT/FIT-IVS2023/_deps/googletest-src/googletest/src/gtest_main.cc
Note: Google Test filter = NonEmptyGraph.clear
[==========] Running 1 test from 1 test suite.
[----------] Global test environment set-up.
[----------] 1 test from NonEmptyGraph
[ RUN      ] NonEmptyGraph.clear
[       OK ] NonEmptyGraph.clear (0 ms)
[----------] 1 test from NonEmptyGraph (0 ms total)

[----------] Global test environment tear-down
[==========] 1 test from 1 test suite ran. (0 ms total)
[  PASSED  ] 1 test.
<end of output>
Test time =   0.00 sec
----------------------------------------------------------
Test Passed.
"NonEmptyGraph.clear" end time: Feb 22 16:29 CET
"NonEmptyGraph.clear" time elapsed: 00:00:00
----------------------------------------------------------

34/51 Testing: EmptyGraph.nodes
34/51 Test: EmptyGraph.nodes
Command: "/home/helheim/FIT/FIT-IVS2023/tdd_test" "--gtest_filter=EmptyGraph.nodes" "--gtest_also_run_disabled_tests"
Directory: /home/helheim/FIT/FIT-IVS2023
"EmptyGraph.nodes" start time: Feb 22 16:29 CET
Output:
----------------------------------------------------------
Running main() from /home/helheim/FIT/FIT-IVS2023/_deps/googletest-src/googletest/src/gtest_main.cc
Note: Google Test filter = EmptyGraph.nodes
[==========] Running 1 test from 1 test suite.
[----------] Global test environment set-up.
[----------] 1 test from EmptyGraph
[ RUN      ] EmptyGraph.nodes
[       OK ] EmptyGraph.nodes (0 ms)
[----------] 1 test from EmptyGraph (0 ms total)

[----------] Global test environment tear-down
[==========] 1 test from 1 test suite ran. (0 ms total)
[  PASSED  ] 1 test.
<end of output>
Test time =   0.00 sec
----------------------------------------------------------
Test Passed.
"EmptyGraph.nodes" end time: Feb 22 16:29 CET
"EmptyGraph.nodes" time elapsed: 00:00:00
----------------------------------------------------------

35/51 Testing: EmptyGraph.edges
35/51 Test: EmptyGraph.edges
Command: "/home/helheim/FIT/FIT-IVS2023/tdd_test" "--gtest_filter=EmptyGraph.edges" "--gtest_also_run_disabled_tests"
Directory: /home/helheim/FIT/FIT-IVS2023
"EmptyGraph.edges" start time: Feb 22 16:29 CET
Output:
----------------------------------------------------------
Running main() from /home/helheim/FIT/FIT-IVS2023/_deps/googletest-src/googletest/src/gtest_main.cc
Note: Google Test filter = EmptyGraph.edges
[==========] Running 1 test from 1 test suite.
[----------] Global test environment set-up.
[----------] 1 test from EmptyGraph
[ RUN      ] EmptyGraph.edges
[       OK ] EmptyGraph.edges (0 ms)
[----------] 1 test from EmptyGraph (0 ms total)

[----------] Global test environment tear-down
[==========] 1 test from 1 test suite ran. (0 ms total)
[  PASSED  ] 1 test.
<end of output>
Test time =   0.00 sec
----------------------------------------------------------
Test Passed.
"EmptyGraph.edges" end time: Feb 22 16:29 CET
"EmptyGraph.edges" time elapsed: 00:00:00
----------------------------------------------------------

36/51 Testing: EmptyGraph.addNode
36/51 Test: EmptyGraph.addNode
Command: "/home/helheim/FIT/FIT-IVS2023/tdd_test" "--gtest_filter=EmptyGraph.addNode" "--gtest_also_run_disabled_tests"
Directory: /home/helheim/FIT/FIT-IVS2023
"EmptyGraph.addNode" start time: Feb 22 16:29 CET
Output:
----------------------------------------------------------
Running main() from /home/helheim/FIT/FIT-IVS2023/_deps/googletest-src/googletest/src/gtest_main.cc
Note: Google Test filter = EmptyGraph.addNode
[==========] Running 1 test from 1 test suite.
[----------] Global test environment set-up.
[----------] 1 test from EmptyGraph
[ RUN      ] EmptyGraph.addNode
[       OK ] EmptyGraph.addNode (0 ms)
[----------] 1 test from EmptyGraph (0 ms total)

[----------] Global test environment tear-down
[==========] 1 test from 1 test suite ran. (0 ms total)
[  PASSED  ] 1 test.
<end of output>
Test time =   0.00 sec
----------------------------------------------------------
Test Passed.
"EmptyGraph.addNode" end time: Feb 22 16:29 CET
"EmptyGraph.addNode" time elapsed: 00:00:00
----------------------------------------------------------

37/51 Testing: EmptyGraph.addEdge
37/51 Test: EmptyGraph.addEdge
Command: "/home/helheim/FIT/FIT-IVS2023/tdd_test" "--gtest_filter=EmptyGraph.addEdge" "--gtest_also_run_disabled_tests"
Directory: /home/helheim/FIT/FIT-IVS2023
"EmptyGraph.addEdge" start time: Feb 22 16:29 CET
Output:
----------------------------------------------------------
Running main() from /home/helheim/FIT/FIT-IVS2023/_deps/googletest-src/googletest/src/gtest_main.cc
Note: Google Test filter = EmptyGraph.addEdge
[==========] Running 1 test from 1 test suite.
[----------] Global test environment set-up.
[----------] 1 test from EmptyGraph
[ RUN      ] EmptyGraph.addEdge
[       OK ] EmptyGraph.addEdge (0 ms)
[----------] 1 test from EmptyGraph (0 ms total)

[----------] Global test environment tear-down
[==========] 1 test from 1 test suite ran. (0 ms total)
[  PASSED  ] 1 test.
<end of output>
Test time =   0.00 sec
----------------------------------------------------------
Test Passed.
"EmptyGraph.addEdge" end time: Feb 22 16:29 CET
"EmptyGraph.addEdge" time elapsed: 00:00:00
----------------------------------------------------------

38/51 Testing: EmptyGraph.addMultipleEdges
38/51 Test: EmptyGraph.addMultipleEdges
Command: "/home/helheim/FIT/FIT-IVS2023/tdd_test" "--gtest_filter=EmptyGraph.addMultipleEdges" "--gtest_also_run_disabled_tests"
Directory: /home/helheim/FIT/FIT-IVS2023
"EmptyGraph.addMultipleEdges" start time: Feb 22 16:29 CET
Output:
----------------------------------------------------------
Running main() from /home/helheim/FIT/FIT-IVS2023/_deps/googletest-src/googletest/src/gtest_main.cc
Note: Google Test filter = EmptyGraph.addMultipleEdges
[==========] Running 1 test from 1 test suite.
[----------] Global test environment set-up.
[----------] 1 test from EmptyGraph
[ RUN      ] EmptyGraph.addMultipleEdges
[       OK ] EmptyGraph.addMultipleEdges (0 ms)
[----------] 1 test from EmptyGraph (0 ms total)

[----------] Global test environment tear-down
[==========] 1 test from 1 test suite ran. (0 ms total)
[  PASSED  ] 1 test.
<end of output>
Test time =   0.00 sec
----------------------------------------------------------
Test Passed.
"EmptyGraph.addMultipleEdges" end time: Feb 22 16:29 CET
"EmptyGraph.addMultipleEdges" time elapsed: 00:00:00
----------------------------------------------------------

39/51 Testing: EmptyGraph.getNode
39/51 Test: EmptyGraph.getNode
Command: "/home/helheim/FIT/FIT-IVS2023/tdd_test" "--gtest_filter=EmptyGraph.getNode" "--gtest_also_run_disabled_tests"
Directory: /home/helheim/FIT/FIT-IVS2023
"EmptyGraph.getNode" start time: Feb 22 16:29 CET
Output:
----------------------------------------------------------
Running main() from /home/helheim/FIT/FIT-IVS2023/_deps/googletest-src/googletest/src/gtest_main.cc
Note: Google Test filter = EmptyGraph.getNode
[==========] Running 1 test from 1 test suite.
[----------] Global test environment set-up.
[----------] 1 test from EmptyGraph
[ RUN      ] EmptyGraph.getNode
[       OK ] EmptyGraph.getNode (0 ms)
[----------] 1 test from EmptyGraph (0 ms total)

[----------] Global test environment tear-down
[==========] 1 test from 1 test suite ran. (0 ms total)
[  PASSED  ] 1 test.
<end of output>
Test time =   0.00 sec
----------------------------------------------------------
Test Passed.
"EmptyGraph.getNode" end time: Feb 22 16:29 CET
"EmptyGraph.getNode" time elapsed: 00:00:00
----------------------------------------------------------

40/51 Testing: EmptyGraph.containsEdge
40/51 Test: EmptyGraph.containsEdge
Command: "/home/helheim/FIT/FIT-IVS2023/tdd_test" "--gtest_filter=EmptyGraph.containsEdge" "--gtest_also_run_disabled_tests"
Directory: /home/helheim/FIT/FIT-IVS2023
"EmptyGraph.containsEdge" start time: Feb 22 16:29 CET
Output:
----------------------------------------------------------
Running main() from /home/helheim/FIT/FIT-IVS2023/_deps/googletest-src/googletest/src/gtest_main.cc
Note: Google Test filter = EmptyGraph.containsEdge
[==========] Running 1 test from 1 test suite.
[----------] Global test environment set-up.
[----------] 1 test from EmptyGraph
[ RUN      ] EmptyGraph.containsEdge
[       OK ] EmptyGraph.containsEdge (0 ms)
[----------] 1 test from EmptyGraph (0 ms total)

[----------] Global test environment tear-down
[==========] 1 test from 1 test suite ran. (0 ms total)
[  PASSED  ] 1 test.
<end of output>
Test time =   0.00 sec
----------------------------------------------------------
Test Passed.
"EmptyGraph.containsEdge" end time: Feb 22 16:29 CET
"EmptyGraph.containsEdge" time elapsed: 00:00:00
----------------------------------------------------------

41/51 Testing: EmptyGraph.removeNode
41/51 Test: EmptyGraph.removeNode
Command: "/home/helheim/FIT/FIT-IVS2023/tdd_test" "--gtest_filter=EmptyGraph.removeNode" "--gtest_also_run_disabled_tests"
Directory: /home/helheim/FIT/FIT-IVS2023
"EmptyGraph.removeNode" start time: Feb 22 16:29 CET
Output:
----------------------------------------------------------
Running main() from /home/helheim/FIT/FIT-IVS2023/_deps/googletest-src/googletest/src/gtest_main.cc
Note: Google Test filter = EmptyGraph.removeNode
[==========] Running 1 test from 1 test suite.
[----------] Global test environment set-up.
[----------] 1 test from EmptyGraph
[ RUN      ] EmptyGraph.removeNode
[       OK ] EmptyGraph.removeNode (0 ms)
[----------] 1 test from EmptyGraph (0 ms total)

[----------] Global test environment tear-down
[==========] 1 test from 1 test suite ran. (0 ms total)
[  PASSED  ] 1 test.
<end of output>
Test time =   0.00 sec
----------------------------------------------------------
Test Passed.
"EmptyGraph.removeNode" end time: Feb 22 16:29 CET
"EmptyGraph.removeNode" time elapsed: 00:00:00
----------------------------------------------------------

42/51 Testing: EmptyGraph.removeEdge
42/51 Test: EmptyGraph.removeEdge
Command: "/home/helheim/FIT/FIT-IVS2023/tdd_test" "--gtest_filter=EmptyGraph.removeEdge" "--gtest_also_run_disabled_tests"
Directory: /home/helheim/FIT/FIT-IVS2023
"EmptyGraph.removeEdge" start time: Feb 22 16:29 CET
Output:
----------------------------------------------------------
Running main() from /home/helheim/FIT/FIT-IVS2023/_deps/googletest-src/googletest/src/gtest_main.cc
Note: Google Test filter = EmptyGraph.removeEdge
[==========] Running 1 test from 1 test suite.
[----------] Global test environment set-up.
[----------] 1 test from EmptyGraph
[ RUN      ] EmptyGraph.removeEdge
[       OK ] EmptyGraph.removeEdge (0 ms)
[----------] 1 test from EmptyGraph (0 ms total)

[----------] Global test environment tear-down
[==========] 1 test from 1 test suite ran. (0 ms total)
[  PASSED  ] 1 test.
<end of output>
Test time =   0.00 sec
----------------------------------------------------------
Test Passed.
"EmptyGraph.removeEdge" end time: Feb 22 16:29 CET
"EmptyGraph.removeEdge" time elapsed: 00:00:00
----------------------------------------------------------

43/51 Testing: EmptyGraph.nodeCount
43/51 Test: EmptyGraph.nodeCount
Command: "/home/helheim/FIT/FIT-IVS2023/tdd_test" "--gtest_filter=EmptyGraph.nodeCount" "--gtest_also_run_disabled_tests"
Directory: /home/helheim/FIT/FIT-IVS2023
"EmptyGraph.nodeCount" start time: Feb 22 16:29 CET
Output:
----------------------------------------------------------
Running main() from /home/helheim/FIT/FIT-IVS2023/_deps/googletest-src/googletest/src/gtest_main.cc
Note: Google Test filter = EmptyGraph.nodeCount
[==========] Running 1 test from 1 test suite.
[----------] Global test environment set-up.
[----------] 1 test from EmptyGraph
[ RUN      ] EmptyGraph.nodeCount
[       OK ] EmptyGraph.nodeCount (0 ms)
[----------] 1 test from EmptyGraph (0 ms total)

[----------] Global test environment tear-down
[==========] 1 test from 1 test suite ran. (0 ms total)
[  PASSED  ] 1 test.
<end of output>
Test time =   0.00 sec
----------------------------------------------------------
Test Passed.
"EmptyGraph.nodeCount" end time: Feb 22 16:29 CET
"EmptyGraph.nodeCount" time elapsed: 00:00:00
----------------------------------------------------------

44/51 Testing: EmptyGraph.edgeCount
44/51 Test: EmptyGraph.edgeCount
Command: "/home/helheim/FIT/FIT-IVS2023/tdd_test" "--gtest_filter=EmptyGraph.edgeCount" "--gtest_also_run_disabled_tests"
Directory: /home/helheim/FIT/FIT-IVS2023
"EmptyGraph.edgeCount" start time: Feb 22 16:29 CET
Output:
----------------------------------------------------------
Running main() from /home/helheim/FIT/FIT-IVS2023/_deps/googletest-src/googletest/src/gtest_main.cc
Note: Google Test filter = EmptyGraph.edgeCount
[==========] Running 1 test from 1 test suite.
[----------] Global test environment set-up.
[----------] 1 test from EmptyGraph
[ RUN      ] EmptyGraph.edgeCount
[       OK ] EmptyGraph.edgeCount (0 ms)
[----------] 1 test from EmptyGraph (0 ms total)

[----------] Global test environment tear-down
[==========] 1 test from 1 test suite ran. (0 ms total)
[  PASSED  ] 1 test.
<end of output>
Test time =   0.00 sec
----------------------------------------------------------
Test Passed.
"EmptyGraph.edgeCount" end time: Feb 22 16:29 CET
"EmptyGraph.edgeCount" time elapsed: 00:00:00
----------------------------------------------------------

45/51 Testing: EmptyGraph.nodeDegree
45/51 Test: EmptyGraph.nodeDegree
Command: "/home/helheim/FIT/FIT-IVS2023/tdd_test" "--gtest_filter=EmptyGraph.nodeDegree" "--gtest_also_run_disabled_tests"
Directory: /home/helheim/FIT/FIT-IVS2023
"EmptyGraph.nodeDegree" start time: Feb 22 16:29 CET
Output:
----------------------------------------------------------
Running main() from /home/helheim/FIT/FIT-IVS2023/_deps/googletest-src/googletest/src/gtest_main.cc
Note: Google Test filter = EmptyGraph.nodeDegree
[==========] Running 1 test from 1 test suite.
[----------] Global test environment set-up.
[----------] 1 test from EmptyGraph
[ RUN      ] EmptyGraph.nodeDegree
[       OK ] EmptyGraph.nodeDegree (0 ms)
[----------] 1 test from EmptyGraph (0 ms total)

[----------] Global test environment tear-down
[==========] 1 test from 1 test suite ran. (0 ms total)
[  PASSED  ] 1 test.
<end of output>
Test time =   0.00 sec
----------------------------------------------------------
Test Passed.
"EmptyGraph.nodeDegree" end time: Feb 22 16:29 CET
"EmptyGraph.nodeDegree" time elapsed: 00:00:00
----------------------------------------------------------

46/51 Testing: EmptyGraph.graphDegree
46/51 Test: EmptyGraph.graphDegree
Command: "/home/helheim/FIT/FIT-IVS2023/tdd_test" "--gtest_filter=EmptyGraph.graphDegree" "--gtest_also_run_disabled_tests"
Directory: /home/helheim/FIT/FIT-IVS2023
"EmptyGraph.graphDegree" start time: Feb 22 16:29 CET
Output:
----------------------------------------------------------
Running main() from /home/helheim/FIT/FIT-IVS2023/_deps/googletest-src/googletest/src/gtest_main.cc
Note: Google Test filter = EmptyGraph.graphDegree
[==========] Running 1 test from 1 test suite.
[----------] Global test environment set-up.
[----------] 1 test from EmptyGraph
[ RUN      ] EmptyGraph.graphDegree
[       OK ] EmptyGraph.graphDegree (0 ms)
[----------] 1 test from EmptyGraph (0 ms total)

[----------] Global test environment tear-down
[==========] 1 test from 1 test suite ran. (0 ms total)
[  PASSED  ] 1 test.
<end of output>
Test time =   0.00 sec
----------------------------------------------------------
Test Passed.
"EmptyGraph.graphDegree" end time: Feb 22 16:29 CET
"EmptyGraph.graphDegree" time elapsed: 00:00:00
----------------------------------------------------------

47/51 Testing: EmptyGraph.coloring
47/51 Test: EmptyGraph.coloring
Command: "/home/helheim/FIT/FIT-IVS2023/tdd_test" "--gtest_filter=EmptyGraph.coloring" "--gtest_also_run_disabled_tests"
Directory: /home/helheim/FIT/FIT-IVS2023
"EmptyGraph.coloring" start time: Feb 22 16:29 CET
Output:
----------------------------------------------------------
Running main() from /home/helheim/FIT/FIT-IVS2023/_deps/googletest-src/googletest/src/gtest_main.cc
Note: Google Test filter = EmptyGraph.coloring
[==========] Running 1 test from 1 test suite.
[----------] Global test environment set-up.
[----------] 1 test from EmptyGraph
[ RUN      ] EmptyGraph.coloring
[       OK ] EmptyGraph.coloring (0 ms)
[----------] 1 test from EmptyGraph (0 ms total)

[----------] Global test environment tear-down
[==========] 1 test from 1 test suite ran. (0 ms total)
[  PASSED  ] 1 test.
<end of output>
Test time =   0.00 sec
----------------------------------------------------------
Test Passed.
"EmptyGraph.coloring" end time: Feb 22 16:29 CET
"EmptyGraph.coloring" time elapsed: 00:00:00
----------------------------------------------------------

48/51 Testing: EmptyGraph.clear
48/51 Test: EmptyGraph.clear
Command: "/home/helheim/FIT/FIT-IVS2023/tdd_test" "--gtest_filter=EmptyGraph.clear" "--gtest_also_run_disabled_tests"
Directory: /home/helheim/FIT/FIT-IVS2023
"EmptyGraph.clear" start time: Feb 22 16:29 CET
Output:
----------------------------------------------------------
Running main() from /home/helheim/FIT/FIT-IVS2023/_deps/googletest-src/googletest/src/gtest_main.cc
Note: Google Test filter = EmptyGraph.clear
[==========] Running 1 test from 1 test suite.
[----------] Global test environment set-up.
[----------] 1 test from EmptyGraph
[ RUN      ] EmptyGraph.clear
[       OK ] EmptyGraph.clear (0 ms)
[----------] 1 test from EmptyGraph (0 ms total)

[----------] Global test environment tear-down
[==========] 1 test from 1 test suite ran. (0 ms total)
[  PASSED  ] 1 test.
<end of output>
Test time =   0.00 sec
----------------------------------------------------------
Test Passed.
"EmptyGraph.clear" end time: Feb 22 16:29 CET
"EmptyGraph.clear" time elapsed: 00:00:00
----------------------------------------------------------

49/51 Testing: Edges.equal
49/51 Test: Edges.equal
Command: "/home/helheim/FIT/FIT-IVS2023/tdd_test" "--gtest_filter=Edges.equal" "--gtest_also_run_disabled_tests"
Directory: /home/helheim/FIT/FIT-IVS2023
"Edges.equal" start time: Feb 22 16:29 CET
Output:
----------------------------------------------------------
Running main() from /home/helheim/FIT/FIT-IVS2023/_deps/googletest-src/googletest/src/gtest_main.cc
Note: Google Test filter = Edges.equal
[==========] Running 1 test from 1 test suite.
[----------] Global test environment set-up.
[----------] 1 test from Edges
[ RUN      ] Edges.equal
[       OK ] Edges.equal (0 ms)
[----------] 1 test from Edges (0 ms total)

[----------] Global test environment tear-down
[==========] 1 test from 1 test suite ran. (0 ms total)
[  PASSED  ] 1 test.
<end of output>
Test time =   0.00 sec
----------------------------------------------------------
Test Passed.
"Edges.equal" end time: Feb 22 16:29 CET
"Edges.equal" time elapsed: 00:00:00
----------------------------------------------------------

50/51 Testing: Edges.nonEqual
50/51 Test: Edges.nonEqual
Command: "/home/helheim/FIT/FIT-IVS2023/tdd_test" "--gtest_filter=Edges.nonEqual" "--gtest_also_run_disabled_tests"
Directory: /home/helheim/FIT/FIT-IVS2023
"Edges.nonEqual" start time: Feb 22 16:29 CET
Output:
----------------------------------------------------------
Running main() from /home/helheim/FIT/FIT-IVS2023/_deps/googletest-src/googletest/src/gtest_main.cc
Note: Google Test filter = Edges.nonEqual
[==========] Running 1 test from 1 test suite.
[----------] Global test environment set-up.
[----------] 1 test from Edges
[ RUN      ] Edges.nonEqual
[       OK ] Edges.nonEqual (0 ms)
[----------] 1 test from Edges (0 ms total)

[----------] Global test environment tear-down
[==========] 1 test from 1 test suite ran. (0 ms total)
[  PASSED  ] 1 test.
<end of output>
Test time =   0.00 sec
----------------------------------------------------------
Test Passed.
"Edges.nonEqual" end time: Feb 22 16:29 CET
"Edges.nonEqual" time elapsed: 00:00:00
----------------------------------------------------------

51/51 Testing: Edges.toStringStream
51/51 Test: Edges.toStringStream
Command: "/home/helheim/FIT/FIT-IVS2023/tdd_test" "--gtest_filter=Edges.toStringStream" "--gtest_also_run_disabled_tests"
Directory: /home/helheim/FIT/FIT-IVS2023
"Edges.toStringStream" start time: Feb 22 16:29 CET
Output:
----------------------------------------------------------
Running main() from /home/helheim/FIT/FIT-IVS2023/_deps/googletest-src/googletest/src/gtest_main.cc
Note: Google Test filter = Edges.toStringStream
[==========] Running 1 test from 1 test suite.
[----------] Global test environment set-up.
[----------] 1 test from Edges
[ RUN      ] Edges.toStringStream
[       OK ] Edges.toStringStream (0 ms)
[----------] 1 test from Edges (0 ms total)

[----------] Global test environment tear-down
[==========] 1 test from 1 test suite ran. (0 ms total)
[  PASSED  ] 1 test.
<end of output>
Test time =   0.00 sec
----------------------------------------------------------
Test Passed.
"Edges.toStringStream" end time: Feb 22 16:29 CET
"Edges.toStringStream" time elapsed: 00:00:00
----------------------------------------------------------

End testing: Feb 22 16:29 CET
